#
# There is insufficient memory for the Java Runtime Environment to continue.
# Native memory allocation (malloc) failed to allocate 850976 bytes for Chunk::new
# Possible reasons:
#   The system is out of physical RAM or swap space
#   The process is running with CompressedOops enabled, and the Java Heap may be blocking the growth of the native heap
# Possible solutions:
#   Reduce memory load on the system
#   Increase physical memory or swap space
#   Check if swap backing store is full
#   Decrease Java heap size (-Xmx/-Xms)
#   Decrease number of Java threads
#   Decrease Java thread stack sizes (-Xss)
#   Set larger code cache with -XX:ReservedCodeCacheSize=
#   JVM is running with Unscaled Compressed Oops mode in which the Java heap is
#     placed in the first 4GB address space. The Java Heap base address is the
#     maximum limit for the native heap growth. Please use -XX:HeapBaseMinAddress
#     to set the Java Heap base and to place the Java Heap above 4GB virtual address.
# This output file may be truncated or incomplete.
#
#  Out of Memory Error (./src/hotspot/share/memory/arena.cpp:197), pid=16852, tid=27616
#
# JRE version: OpenJDK Runtime Environment (11.0.13) (build 11.0.13+0-b1751.21-8125866)
# Java VM: OpenJDK 64-Bit Server VM (11.0.13+0-b1751.21-8125866, mixed mode, tiered, compressed oops, g1 gc, windows-amd64)
# No core dump will be written. Minidumps are not enabled by default on client versions of Windows
#

---------------  S U M M A R Y ------------

Command Line: --add-opens=java.base/java.util=ALL-UNNAMED --add-opens=java.base/java.lang=ALL-UNNAMED --add-opens=java.base/java.lang.invoke=ALL-UNNAMED --add-opens=java.base/java.util=ALL-UNNAMED --add-opens=java.prefs/java.util.prefs=ALL-UNNAMED --add-opens=java.prefs/java.util.prefs=ALL-UNNAMED --add-opens=java.base/java.nio.charset=ALL-UNNAMED --add-opens=java.base/java.net=ALL-UNNAMED --add-opens=java.base/java.util.concurrent.atomic=ALL-UNNAMED -Xmx2048m -Dfile.encoding=UTF-8 -Duser.country=BR -Duser.language=pt -Duser.variant org.gradle.launcher.daemon.bootstrap.GradleDaemon 7.4

Host: AMD Ryzen 3 3200U with Radeon Vega Mobile Gfx  , 4 cores, 5G,  Windows 11 , 64 bit Build 22000 (10.0.22000.1219)
Time: Thu Dec  1 17:45:24 2022 Hora oficial do Brasil elapsed time: 31.404468 seconds (0d 0h 0m 31s)

---------------  T H R E A D  ---------------

Current thread (0x000001fa4e412800):  JavaThread "C2 CompilerThread0" daemon [_thread_in_native, id=27616, stack(0x0000006118e00000,0x0000006118f00000)]


Current CompileTask:
C2:  31404 5985       4       org.objectweb.asm.ClassWriter::toByteArray (1535 bytes)

Stack: [0x0000006118e00000,0x0000006118f00000]
Native frames: (J=compiled Java code, j=interpreted, Vv=VM code, C=native code)
V  [jvm.dll+0x6100fa]
V  [jvm.dll+0x747090]
V  [jvm.dll+0x7486ad]
V  [jvm.dll+0x748d83]
V  [jvm.dll+0x24ab48]
V  [jvm.dll+0xc04dc]
V  [jvm.dll+0xc0a0c]
V  [jvm.dll+0x2bfab4]
V  [jvm.dll+0x524238]
V  [jvm.dll+0x2045ac]
V  [jvm.dll+0x2023c2]
V  [jvm.dll+0x188e01]
V  [jvm.dll+0x21106b]
V  [jvm.dll+0x20f8c1]
V  [jvm.dll+0x70de0f]
V  [jvm.dll+0x706a75]
V  [jvm.dll+0x60ed66]
C  [ucrtbase.dll+0x26c0c]
C  [KERNEL32.DLL+0x15550]
C  [ntdll.dll+0x485b]


---------------  P R O C E S S  ---------------

Threads class SMR info:
_java_thread_list=0x000001fa505414f0, length=36, elements={
0x000001fa347fe800, 0x000001fa4e3ea000, 0x000001fa4e3f7800, 0x000001fa4eda2800,
0x000001fa4e409000, 0x000001fa4e40a000, 0x000001fa4e412800, 0x000001fa4e414000,
0x000001fa4e420800, 0x000001fa4eece800, 0x000001fa50dad000, 0x000001fa4ef6f800,
0x000001fa4f580000, 0x000001fa5080e800, 0x000001fa4f96e800, 0x000001fa503e4000,
0x000001fa51493800, 0x000001fa50404800, 0x000001fa510ea800, 0x000001fa510eb800,
0x000001fa510ec800, 0x000001fa510ed000, 0x000001fa50697800, 0x000001fa50699000,
0x000001fa5069e000, 0x000001fa50699800, 0x000001fa50698000, 0x000001fa5069a800,
0x000001fa5069b800, 0x000001fa5069c000, 0x000001fa5069d000, 0x000001fa53187000,
0x000001fa53188000, 0x000001fa53182000, 0x000001fa53185800, 0x000001fa4ff73800
}

Java Threads: ( => current thread )
  0x000001fa347fe800 JavaThread "main" [_thread_blocked, id=7132, stack(0x0000006118200000,0x0000006118300000)]
  0x000001fa4e3ea000 JavaThread "Reference Handler" daemon [_thread_blocked, id=7820, stack(0x0000006118900000,0x0000006118a00000)]
  0x000001fa4e3f7800 JavaThread "Finalizer" daemon [_thread_blocked, id=6056, stack(0x0000006118a00000,0x0000006118b00000)]
  0x000001fa4eda2800 JavaThread "Signal Dispatcher" daemon [_thread_blocked, id=7432, stack(0x0000006118b00000,0x0000006118c00000)]
  0x000001fa4e409000 JavaThread "Attach Listener" daemon [_thread_blocked, id=2972, stack(0x0000006118c00000,0x0000006118d00000)]
  0x000001fa4e40a000 JavaThread "Service Thread" daemon [_thread_blocked, id=7724, stack(0x0000006118d00000,0x0000006118e00000)]
=>0x000001fa4e412800 JavaThread "C2 CompilerThread0" daemon [_thread_in_native, id=27616, stack(0x0000006118e00000,0x0000006118f00000)]
  0x000001fa4e414000 JavaThread "C1 CompilerThread0" daemon [_thread_blocked, id=26008, stack(0x0000006118f00000,0x0000006119000000)]
  0x000001fa4e420800 JavaThread "Sweeper thread" daemon [_thread_blocked, id=27352, stack(0x0000006119000000,0x0000006119100000)]
  0x000001fa4eece800 JavaThread "Common-Cleaner" daemon [_thread_blocked, id=28632, stack(0x0000006119100000,0x0000006119200000)]
  0x000001fa50dad000 JavaThread "Daemon health stats" [_thread_blocked, id=15228, stack(0x0000006119500000,0x0000006119600000)]
  0x000001fa4ef6f800 JavaThread "Incoming local TCP Connector on port 59275" [_thread_in_native, id=7916, stack(0x0000006119300000,0x0000006119400000)]
  0x000001fa4f580000 JavaThread "Daemon periodic checks" [_thread_blocked, id=26148, stack(0x0000006119800000,0x0000006119900000)]
  0x000001fa5080e800 JavaThread "Daemon" [_thread_blocked, id=16196, stack(0x0000006119900000,0x0000006119a00000)]
  0x000001fa4f96e800 JavaThread "Handler for socket connection from /127.0.0.1:59275 to /127.0.0.1:59276" [_thread_in_native, id=21500, stack(0x0000006119a00000,0x0000006119b00000)]
  0x000001fa503e4000 JavaThread "Cancel handler" [_thread_blocked, id=840, stack(0x0000006119b00000,0x0000006119c00000)]
  0x000001fa51493800 JavaThread "Daemon worker" [_thread_blocked, id=7232, stack(0x0000006119c00000,0x0000006119d00000)]
  0x000001fa50404800 JavaThread "Asynchronous log dispatcher for DefaultDaemonConnection: socket connection from /127.0.0.1:59275 to /127.0.0.1:59276" [_thread_blocked, id=4536, stack(0x0000006119d00000,0x0000006119e00000)]
  0x000001fa510ea800 JavaThread "Stdin handler" [_thread_blocked, id=4704, stack(0x0000006119e00000,0x0000006119f00000)]
  0x000001fa510eb800 JavaThread "Daemon client event forwarder" [_thread_blocked, id=24672, stack(0x0000006119f00000,0x000000611a000000)]
  0x000001fa510ec800 JavaThread "Cache worker for journal cache (C:\Users\dudin\Documents\GitHub\MonsterINC\caches\journal-1)" [_thread_blocked, id=27424, stack(0x000000611a000000,0x000000611a100000)]
  0x000001fa510ed000 JavaThread "File lock request listener" [_thread_in_native, id=14816, stack(0x000000611a100000,0x000000611a200000)]
  0x000001fa50697800 JavaThread "Cache worker for file hash cache (C:\Users\dudin\Documents\GitHub\MonsterINC\caches\7.4\fileHashes)" [_thread_blocked, id=27404, stack(0x000000611a200000,0x000000611a300000)]
  0x000001fa50699000 JavaThread "File watcher server" daemon [_thread_in_native, id=23776, stack(0x000000611a400000,0x000000611a500000)]
  0x000001fa5069e000 JavaThread "File watcher consumer" daemon [_thread_blocked, id=11076, stack(0x000000611a500000,0x000000611a600000)]
  0x000001fa50699800 JavaThread "jar transforms" [_thread_in_native, id=8380, stack(0x000000611a300000,0x000000611a400000)]
  0x000001fa50698000 JavaThread "jar transforms Thread 2" [_thread_in_Java, id=26056, stack(0x000000611a600000,0x000000611a700000)]
  0x000001fa5069a800 JavaThread "jar transforms Thread 3" [_thread_in_Java, id=16888, stack(0x000000611a700000,0x000000611a800000)]
  0x000001fa5069b800 JavaThread "jar transforms Thread 4" [_thread_in_Java, id=14160, stack(0x000000611a800000,0x000000611a900000)]
  0x000001fa5069c000 JavaThread "Cache worker for checksums cache (C:\Users\dudin\Documents\GitHub\AppHarry\.gradle\7.4\checksums)" [_thread_blocked, id=24328, stack(0x000000611aa00000,0x000000611ab00000)]
  0x000001fa5069d000 JavaThread "Cache worker for cache directory md-rule (C:\Users\dudin\Documents\GitHub\MonsterINC\caches\7.4\md-rule)" [_thread_blocked, id=25060, stack(0x000000611ab00000,0x000000611ac00000)]
  0x000001fa53187000 JavaThread "Cache worker for file hash cache (C:\Users\dudin\Documents\GitHub\AppHarry\.gradle\7.4\fileHashes)" [_thread_blocked, id=22376, stack(0x000000611ac00000,0x000000611ad00000)]
  0x000001fa53188000 JavaThread "Cache worker for cache directory md-supplier (C:\Users\dudin\Documents\GitHub\MonsterINC\caches\7.4\md-supplier)" [_thread_blocked, id=27720, stack(0x000000611ad00000,0x000000611ae00000)]
  0x000001fa53182000 JavaThread "Cache worker for execution history cache (C:\Users\dudin\Documents\GitHub\MonsterINC\caches\7.4\executionHistory)" [_thread_blocked, id=2044, stack(0x000000611ae00000,0x000000611af00000)]
  0x000001fa53185800 JavaThread "Cache worker for file content cache (C:\Users\dudin\Documents\GitHub\MonsterINC\caches\7.4\fileContent)" [_thread_blocked, id=27840, stack(0x000000611af00000,0x000000611b000000)]
  0x000001fa4ff73800 JavaThread "C2 CompilerThread1" daemon [_thread_in_native, id=6216, stack(0x000000611a900000,0x000000611aa00000)]

Other Threads:
  0x000001fa4e3e5000 VMThread "VM Thread" [stack: 0x0000006118800000,0x0000006118900000] [id=9980]
  0x000001fa4ef11800 WatcherThread [stack: 0x0000006119200000,0x0000006119300000] [id=26048]
  0x000001fa34816800 GCTaskThread "GC Thread#0" [stack: 0x0000006118300000,0x0000006118400000] [id=12380]
  0x000001fa4efde000 GCTaskThread "GC Thread#1" [stack: 0x0000006119400000,0x0000006119500000] [id=21240]
  0x000001fa50d9a000 GCTaskThread "GC Thread#2" [stack: 0x0000006119600000,0x0000006119700000] [id=18892]
  0x000001fa518c8800 GCTaskThread "GC Thread#3" [stack: 0x0000006119700000,0x0000006119800000] [id=26152]
  0x000001fa34846800 ConcurrentGCThread "G1 Main Marker" [stack: 0x0000006118400000,0x0000006118500000] [id=25436]
  0x000001fa34848800 ConcurrentGCThread "G1 Conc#0" [stack: 0x0000006118500000,0x0000006118600000] [id=2184]
  0x000001fa348c0800 ConcurrentGCThread "G1 Refine#0" [stack: 0x0000006118600000,0x0000006118700000] [id=1712]
  0x000001fa348c4000 ConcurrentGCThread "G1 Young RemSet Sampling" [stack: 0x0000006118700000,0x0000006118800000] [id=20044]

Threads with active compile tasks:
C2 CompilerThread0  31443 5985       4       org.objectweb.asm.ClassWriter::toByteArray (1535 bytes)
C2 CompilerThread1  31443 5969 %     4       org.objectweb.asm.ClassReader::readCode @ 1738 (5109 bytes)

VM state:not at safepoint (normal execution)

VM Mutex/Monitor currently owned by a thread: None

Heap address: 0x0000000080000000, size: 2048 MB, Compressed Oops mode: 32-bit
Narrow klass base: 0x0000000000000000, Narrow klass shift: 3
Compressed class space size: 1073741824 Address: 0x0000000100000000

Heap:
 garbage-first heap   total 248832K, used 157443K [0x0000000080000000, 0x0000000100000000)
  region size 1024K, 76 young (77824K), 10 survivors (10240K)
 Metaspace       used 50181K, capacity 51444K, committed 51528K, reserved 1093632K
  class space    used 6379K, capacity 6851K, committed 6912K, reserved 1048576K
Heap Regions: E=young(eden), S=young(survivor), O=old, HS=humongous(starts), HC=humongous(continues), CS=collection set, F=free, A=archive, TAMS=top-at-mark-start (previous, next)
|   0|0x0000000080000000, 0x0000000080100000, 0x0000000080100000|100%|HS|  |TAMS 0x0000000080100000, 0x0000000080000000| Complete 
|   1|0x0000000080100000, 0x0000000080200000, 0x0000000080200000|100%|HC|  |TAMS 0x0000000080200000, 0x0000000080100000| Complete 
|   2|0x0000000080200000, 0x0000000080300000, 0x0000000080300000|100%|HC|  |TAMS 0x0000000080300000, 0x0000000080200000| Complete 
|   3|0x0000000080300000, 0x0000000080400000, 0x0000000080400000|100%| O|  |TAMS 0x0000000080400000, 0x0000000080300000| Untracked 
|   4|0x0000000080400000, 0x0000000080500000, 0x0000000080500000|100%| O|  |TAMS 0x0000000080500000, 0x0000000080400000| Untracked 
|   5|0x0000000080500000, 0x0000000080600000, 0x0000000080600000|100%| O|  |TAMS 0x0000000080600000, 0x0000000080500000| Untracked 
|   6|0x0000000080600000, 0x0000000080700000, 0x0000000080700000|100%| O|  |TAMS 0x0000000080700000, 0x0000000080600000| Untracked 
|   7|0x0000000080700000, 0x0000000080800000, 0x0000000080800000|100%| O|  |TAMS 0x0000000080800000, 0x0000000080700000| Untracked 
|   8|0x0000000080800000, 0x0000000080900000, 0x0000000080900000|100%| O|  |TAMS 0x0000000080900000, 0x0000000080800000| Untracked 
|   9|0x0000000080900000, 0x0000000080a00000, 0x0000000080a00000|100%| O|  |TAMS 0x0000000080a00000, 0x0000000080900000| Untracked 
|  10|0x0000000080a00000, 0x0000000080b00000, 0x0000000080b00000|100%| O|  |TAMS 0x0000000080b00000, 0x0000000080a00000| Untracked 
|  11|0x0000000080b00000, 0x0000000080c00000, 0x0000000080c00000|100%| O|  |TAMS 0x0000000080c00000, 0x0000000080b00000| Untracked 
|  12|0x0000000080c00000, 0x0000000080d00000, 0x0000000080d00000|100%| O|  |TAMS 0x0000000080d00000, 0x0000000080c00000| Untracked 
|  13|0x0000000080d00000, 0x0000000080e00000, 0x0000000080e00000|100%| O|  |TAMS 0x0000000080e00000, 0x0000000080d00000| Untracked 
|  14|0x0000000080e00000, 0x0000000080f00000, 0x0000000080f00000|100%| O|  |TAMS 0x0000000080f00000, 0x0000000080e00000| Untracked 
|  15|0x0000000080f00000, 0x0000000081000000, 0x0000000081000000|100%|HS|  |TAMS 0x0000000081000000, 0x0000000080f00000| Complete 
|  16|0x0000000081000000, 0x0000000081100000, 0x0000000081100000|100%|HC|  |TAMS 0x0000000081100000, 0x0000000081000000| Complete 
|  17|0x0000000081100000, 0x0000000081200000, 0x0000000081200000|100%|HS|  |TAMS 0x0000000081200000, 0x0000000081100000| Complete 
|  18|0x0000000081200000, 0x0000000081300000, 0x0000000081300000|100%|HC|  |TAMS 0x0000000081300000, 0x0000000081200000| Complete 
|  19|0x0000000081300000, 0x0000000081400000, 0x0000000081400000|100%|HC|  |TAMS 0x0000000081400000, 0x0000000081300000| Complete 
|  20|0x0000000081400000, 0x0000000081500000, 0x0000000081500000|100%|HS|  |TAMS 0x0000000081500000, 0x0000000081400000| Complete 
|  21|0x0000000081500000, 0x0000000081600000, 0x0000000081600000|100%|HC|  |TAMS 0x0000000081600000, 0x0000000081500000| Complete 
|  22|0x0000000081600000, 0x0000000081700000, 0x0000000081700000|100%|HC|  |TAMS 0x0000000081700000, 0x0000000081600000| Complete 
|  23|0x0000000081700000, 0x0000000081800000, 0x0000000081800000|100%|HS|  |TAMS 0x0000000081800000, 0x0000000081700000| Complete 
|  24|0x0000000081800000, 0x0000000081900000, 0x0000000081900000|100%|HC|  |TAMS 0x0000000081900000, 0x0000000081800000| Complete 
|  25|0x0000000081900000, 0x0000000081a00000, 0x0000000081a00000|100%|HC|  |TAMS 0x0000000081a00000, 0x0000000081900000| Complete 
|  26|0x0000000081a00000, 0x0000000081b00000, 0x0000000081b00000|100%|HC|  |TAMS 0x0000000081b00000, 0x0000000081a00000| Complete 
|  27|0x0000000081b00000, 0x0000000081c00000, 0x0000000081c00000|100%|HS|  |TAMS 0x0000000081c00000, 0x0000000081b00000| Complete 
|  28|0x0000000081c00000, 0x0000000081d00000, 0x0000000081d00000|100%|HC|  |TAMS 0x0000000081d00000, 0x0000000081c00000| Complete 
|  29|0x0000000081d00000, 0x0000000081e00000, 0x0000000081e00000|100%|HC|  |TAMS 0x0000000081e00000, 0x0000000081d00000| Complete 
|  30|0x0000000081e00000, 0x0000000081f00000, 0x0000000081f00000|100%|HC|  |TAMS 0x0000000081f00000, 0x0000000081e00000| Complete 
|  31|0x0000000081f00000, 0x0000000082000000, 0x0000000082000000|100%|HC|  |TAMS 0x0000000082000000, 0x0000000081f00000| Complete 
|  32|0x0000000082000000, 0x0000000082100000, 0x0000000082100000|100%|HS|  |TAMS 0x0000000082100000, 0x0000000082000000| Complete 
|  33|0x0000000082100000, 0x0000000082200000, 0x0000000082200000|100%| O|  |TAMS 0x0000000082200000, 0x0000000082100000| Untracked 
|  34|0x0000000082200000, 0x0000000082300000, 0x0000000082300000|100%| O|  |TAMS 0x0000000082300000, 0x0000000082200000| Untracked 
|  35|0x0000000082300000, 0x0000000082400000, 0x0000000082400000|100%| O|  |TAMS 0x0000000082400000, 0x0000000082300000| Untracked 
|  36|0x0000000082400000, 0x0000000082500000, 0x0000000082500000|100%| O|  |TAMS 0x0000000082500000, 0x0000000082400000| Untracked 
|  37|0x0000000082500000, 0x0000000082600000, 0x0000000082600000|100%| O|  |TAMS 0x0000000082600000, 0x0000000082500000| Untracked 
|  38|0x0000000082600000, 0x0000000082700000, 0x0000000082700000|100%| O|  |TAMS 0x0000000082700000, 0x0000000082600000| Untracked 
|  39|0x0000000082700000, 0x0000000082800000, 0x0000000082800000|100%| O|  |TAMS 0x0000000082800000, 0x0000000082700000| Untracked 
|  40|0x0000000082800000, 0x0000000082900000, 0x0000000082900000|100%| O|  |TAMS 0x0000000082900000, 0x0000000082800000| Untracked 
|  41|0x0000000082900000, 0x0000000082a00000, 0x0000000082a00000|100%| O|  |TAMS 0x0000000082a00000, 0x0000000082900000| Untracked 
|  42|0x0000000082a00000, 0x0000000082b00000, 0x0000000082b00000|100%| O|  |TAMS 0x0000000082b00000, 0x0000000082a00000| Untracked 
|  43|0x0000000082b00000, 0x0000000082c00000, 0x0000000082c00000|100%| O|  |TAMS 0x0000000082c00000, 0x0000000082b00000| Untracked 
|  44|0x0000000082c00000, 0x0000000082d00000, 0x0000000082d00000|100%| O|  |TAMS 0x0000000082d00000, 0x0000000082c00000| Untracked 
|  45|0x0000000082d00000, 0x0000000082e00000, 0x0000000082e00000|100%| O|  |TAMS 0x0000000082e00000, 0x0000000082d00000| Untracked 
|  46|0x0000000082e00000, 0x0000000082f00000, 0x0000000082f00000|100%| O|  |TAMS 0x0000000082f00000, 0x0000000082e00000| Untracked 
|  47|0x0000000082f00000, 0x0000000083000000, 0x0000000083000000|100%| O|  |TAMS 0x0000000083000000, 0x0000000082f00000| Untracked 
|  48|0x0000000083000000, 0x0000000083100000, 0x0000000083100000|100%| O|  |TAMS 0x0000000083100000, 0x0000000083000000| Untracked 
|  49|0x0000000083100000, 0x0000000083200000, 0x0000000083200000|100%| O|  |TAMS 0x0000000083200000, 0x0000000083100000| Untracked 
|  50|0x0000000083200000, 0x0000000083300000, 0x0000000083300000|100%| O|  |TAMS 0x0000000083300000, 0x0000000083200000| Untracked 
|  51|0x0000000083300000, 0x0000000083400000, 0x0000000083400000|100%| O|  |TAMS 0x0000000083400000, 0x0000000083300000| Untracked 
|  52|0x0000000083400000, 0x0000000083500000, 0x0000000083500000|100%| O|  |TAMS 0x0000000083500000, 0x0000000083400000| Untracked 
|  53|0x0000000083500000, 0x0000000083600000, 0x0000000083600000|100%| O|  |TAMS 0x0000000083600000, 0x0000000083500000| Untracked 
|  54|0x0000000083600000, 0x0000000083700000, 0x0000000083700000|100%| O|  |TAMS 0x0000000083700000, 0x0000000083600000| Untracked 
|  55|0x0000000083700000, 0x0000000083800000, 0x0000000083800000|100%| O|  |TAMS 0x0000000083800000, 0x0000000083700000| Untracked 
|  56|0x0000000083800000, 0x0000000083900000, 0x0000000083900000|100%| O|  |TAMS 0x0000000083900000, 0x0000000083800000| Untracked 
|  57|0x0000000083900000, 0x0000000083a00000, 0x0000000083a00000|100%| O|  |TAMS 0x0000000083a00000, 0x0000000083900000| Untracked 
|  58|0x0000000083a00000, 0x0000000083b00000, 0x0000000083b00000|100%|HS|  |TAMS 0x0000000083a00000, 0x0000000083a00000| Complete 
|  59|0x0000000083b00000, 0x0000000083c00000, 0x0000000083c00000|100%|HC|  |TAMS 0x0000000083b00000, 0x0000000083b00000| Complete 
|  60|0x0000000083c00000, 0x0000000083d00000, 0x0000000083d00000|100%|HC|  |TAMS 0x0000000083c00000, 0x0000000083c00000| Complete 
|  61|0x0000000083d00000, 0x0000000083e00000, 0x0000000083e00000|100%|HC|  |TAMS 0x0000000083d00000, 0x0000000083d00000| Complete 
|  62|0x0000000083e00000, 0x0000000083f00000, 0x0000000083f00000|100%|HC|  |TAMS 0x0000000083e00000, 0x0000000083e00000| Complete 
|  63|0x0000000083f00000, 0x0000000084000000, 0x0000000084000000|100%| O|  |TAMS 0x0000000084000000, 0x0000000083f00000| Untracked 
|  64|0x0000000084000000, 0x0000000084100000, 0x0000000084100000|100%| O|  |TAMS 0x0000000084100000, 0x0000000084000000| Untracked 
|  65|0x0000000084100000, 0x0000000084200000, 0x0000000084200000|100%| O|  |TAMS 0x0000000084200000, 0x0000000084100000| Untracked 
|  66|0x0000000084200000, 0x0000000084300000, 0x0000000084300000|100%| O|  |TAMS 0x0000000084300000, 0x0000000084200000| Untracked 
|  67|0x0000000084300000, 0x0000000084400000, 0x0000000084400000|100%| O|  |TAMS 0x00000000843b1400, 0x0000000084300000| Untracked 
|  68|0x0000000084400000, 0x0000000084400000, 0x0000000084500000|  0%| F|  |TAMS 0x0000000084400000, 0x0000000084400000| Untracked 
|  69|0x0000000084500000, 0x0000000084500000, 0x0000000084600000|  0%| F|  |TAMS 0x0000000084500000, 0x0000000084500000| Untracked 
|  70|0x0000000084600000, 0x0000000084600000, 0x0000000084700000|  0%| F|  |TAMS 0x0000000084600000, 0x0000000084600000| Untracked 
|  71|0x0000000084700000, 0x0000000084700000, 0x0000000084800000|  0%| F|  |TAMS 0x0000000084700000, 0x0000000084700000| Untracked 
|  72|0x0000000084800000, 0x0000000084800000, 0x0000000084900000|  0%| F|  |TAMS 0x0000000084800000, 0x0000000084800000| Untracked 
|  73|0x0000000084900000, 0x0000000084a00000, 0x0000000084a00000|100%| O|  |TAMS 0x0000000084900000, 0x0000000084900000| Untracked 
|  74|0x0000000084a00000, 0x0000000084a30800, 0x0000000084b00000| 18%| O|  |TAMS 0x0000000084a00000, 0x0000000084a00000| Untracked 
|  75|0x0000000084b00000, 0x0000000084c00000, 0x0000000084c00000|100%|HS|  |TAMS 0x0000000084b00000, 0x0000000084b00000| Complete 
|  76|0x0000000084c00000, 0x0000000084d00000, 0x0000000084d00000|100%|HC|  |TAMS 0x0000000084c00000, 0x0000000084c00000| Complete 
|  77|0x0000000084d00000, 0x0000000084e00000, 0x0000000084e00000|100%|HC|  |TAMS 0x0000000084d00000, 0x0000000084d00000| Complete 
|  78|0x0000000084e00000, 0x0000000084f00000, 0x0000000084f00000|100%|HS|  |TAMS 0x0000000084e00000, 0x0000000084e00000| Complete 
|  79|0x0000000084f00000, 0x0000000085000000, 0x0000000085000000|100%|HC|  |TAMS 0x0000000084f00000, 0x0000000084f00000| Complete 
|  80|0x0000000085000000, 0x0000000085100000, 0x0000000085100000|100%|HC|  |TAMS 0x0000000085000000, 0x0000000085000000| Complete 
|  81|0x0000000085100000, 0x0000000085200000, 0x0000000085200000|100%|HC|  |TAMS 0x0000000085100000, 0x0000000085100000| Complete 
|  82|0x0000000085200000, 0x0000000085300000, 0x0000000085300000|100%|HS|  |TAMS 0x0000000085200000, 0x0000000085200000| Complete 
|  83|0x0000000085300000, 0x0000000085400000, 0x0000000085400000|100%|HC|  |TAMS 0x0000000085300000, 0x0000000085300000| Complete 
|  84|0x0000000085400000, 0x0000000085500000, 0x0000000085500000|100%|HC|  |TAMS 0x0000000085400000, 0x0000000085400000| Complete 
|  85|0x0000000085500000, 0x0000000085500000, 0x0000000085600000|  0%| F|  |TAMS 0x0000000085500000, 0x0000000085500000| Untracked 
|  86|0x0000000085600000, 0x0000000085600000, 0x0000000085700000|  0%| F|  |TAMS 0x0000000085600000, 0x0000000085600000| Untracked 
|  87|0x0000000085700000, 0x0000000085800000, 0x0000000085800000|100%|HS|  |TAMS 0x0000000085700000, 0x0000000085700000| Complete 
|  88|0x0000000085800000, 0x0000000085800000, 0x0000000085900000|  0%| F|  |TAMS 0x0000000085800000, 0x0000000085800000| Untracked 
|  89|0x0000000085900000, 0x0000000085900000, 0x0000000085a00000|  0%| F|  |TAMS 0x0000000085900000, 0x0000000085900000| Untracked 
|  90|0x0000000085a00000, 0x0000000085a00000, 0x0000000085b00000|  0%| F|  |TAMS 0x0000000085a00000, 0x0000000085a00000| Untracked 
|  91|0x0000000085b00000, 0x0000000085b00000, 0x0000000085c00000|  0%| F|  |TAMS 0x0000000085b00000, 0x0000000085b00000| Untracked 
|  92|0x0000000085c00000, 0x0000000085c00000, 0x0000000085d00000|  0%| F|  |TAMS 0x0000000085c00000, 0x0000000085c00000| Untracked 
|  93|0x0000000085d00000, 0x0000000085d00000, 0x0000000085e00000|  0%| F|  |TAMS 0x0000000085d00000, 0x0000000085d00000| Untracked 
|  94|0x0000000085e00000, 0x0000000085e00000, 0x0000000085f00000|  0%| F|  |TAMS 0x0000000085e00000, 0x0000000085e00000| Untracked 
|  95|0x0000000085f00000, 0x0000000085f00000, 0x0000000086000000|  0%| F|  |TAMS 0x0000000085f00000, 0x0000000085f00000| Untracked 
|  96|0x0000000086000000, 0x0000000086000000, 0x0000000086100000|  0%| F|  |TAMS 0x0000000086000000, 0x0000000086000000| Untracked 
|  97|0x0000000086100000, 0x0000000086100000, 0x0000000086200000|  0%| F|  |TAMS 0x0000000086100000, 0x0000000086100000| Untracked 
|  98|0x0000000086200000, 0x0000000086200000, 0x0000000086300000|  0%| F|  |TAMS 0x0000000086200000, 0x0000000086200000| Untracked 
|  99|0x0000000086300000, 0x0000000086300000, 0x0000000086400000|  0%| F|  |TAMS 0x0000000086300000, 0x0000000086300000| Untracked 
| 100|0x0000000086400000, 0x0000000086400000, 0x0000000086500000|  0%| F|  |TAMS 0x0000000086400000, 0x0000000086400000| Untracked 
| 101|0x0000000086500000, 0x0000000086500000, 0x0000000086600000|  0%| F|  |TAMS 0x0000000086500000, 0x0000000086500000| Untracked 
| 102|0x0000000086600000, 0x0000000086690460, 0x0000000086700000| 56%| S|CS|TAMS 0x0000000086600000, 0x0000000086600000| Complete 
| 103|0x0000000086700000, 0x0000000086800000, 0x0000000086800000|100%| S|CS|TAMS 0x0000000086700000, 0x0000000086700000| Complete 
| 104|0x0000000086800000, 0x0000000086800000, 0x0000000086900000|  0%| F|  |TAMS 0x0000000086800000, 0x0000000086800000| Untracked 
| 105|0x0000000086900000, 0x0000000086a00000, 0x0000000086a00000|100%| S|CS|TAMS 0x0000000086900000, 0x0000000086900000| Complete 
| 106|0x0000000086a00000, 0x0000000086b00000, 0x0000000086b00000|100%| S|CS|TAMS 0x0000000086a00000, 0x0000000086a00000| Complete 
| 107|0x0000000086b00000, 0x0000000086b00000, 0x0000000086c00000|  0%| F|  |TAMS 0x0000000086b00000, 0x0000000086b00000| Untracked 
| 108|0x0000000086c00000, 0x0000000086c00000, 0x0000000086d00000|  0%| F|  |TAMS 0x0000000086c00000, 0x0000000086c00000| Untracked 
| 109|0x0000000086d00000, 0x0000000086d00000, 0x0000000086e00000|  0%| F|  |TAMS 0x0000000086d00000, 0x0000000086d00000| Untracked 
| 110|0x0000000086e00000, 0x0000000086e00000, 0x0000000086f00000|  0%| F|  |TAMS 0x0000000086e00000, 0x0000000086e00000| Untracked 
| 111|0x0000000086f00000, 0x0000000086f00000, 0x0000000087000000|  0%| F|  |TAMS 0x0000000086f00000, 0x0000000086f00000| Untracked 
| 112|0x0000000087000000, 0x0000000087000000, 0x0000000087100000|  0%| F|  |TAMS 0x0000000087000000, 0x0000000087000000| Untracked 
| 113|0x0000000087100000, 0x0000000087100000, 0x0000000087200000|  0%| F|  |TAMS 0x0000000087100000, 0x0000000087100000| Untracked 
| 114|0x0000000087200000, 0x0000000087200000, 0x0000000087300000|  0%| F|  |TAMS 0x0000000087200000, 0x0000000087200000| Untracked 
| 115|0x0000000087300000, 0x0000000087400000, 0x0000000087400000|100%| S|CS|TAMS 0x0000000087300000, 0x0000000087300000| Complete 
| 116|0x0000000087400000, 0x0000000087500000, 0x0000000087500000|100%| S|CS|TAMS 0x0000000087400000, 0x0000000087400000| Complete 
| 117|0x0000000087500000, 0x0000000087600000, 0x0000000087600000|100%| S|CS|TAMS 0x0000000087500000, 0x0000000087500000| Complete 
| 118|0x0000000087600000, 0x0000000087700000, 0x0000000087700000|100%| S|CS|TAMS 0x0000000087600000, 0x0000000087600000| Complete 
| 119|0x0000000087700000, 0x0000000087800000, 0x0000000087800000|100%| S|CS|TAMS 0x0000000087700000, 0x0000000087700000| Complete 
| 120|0x0000000087800000, 0x0000000087900000, 0x0000000087900000|100%| S|CS|TAMS 0x0000000087800000, 0x0000000087800000| Complete 
| 121|0x0000000087900000, 0x0000000087900000, 0x0000000087a00000|  0%| F|  |TAMS 0x0000000087900000, 0x0000000087900000| Untracked 
| 122|0x0000000087a00000, 0x0000000087a00000, 0x0000000087b00000|  0%| F|  |TAMS 0x0000000087a00000, 0x0000000087a00000| Untracked 
| 123|0x0000000087b00000, 0x0000000087b00000, 0x0000000087c00000|  0%| F|  |TAMS 0x0000000087b00000, 0x0000000087b00000| Untracked 
| 124|0x0000000087c00000, 0x0000000087c00000, 0x0000000087d00000|  0%| F|  |TAMS 0x0000000087c00000, 0x0000000087c00000| Untracked 
| 125|0x0000000087d00000, 0x0000000087d00000, 0x0000000087e00000|  0%| F|  |TAMS 0x0000000087d00000, 0x0000000087d00000| Untracked 
| 126|0x0000000087e00000, 0x0000000087e00000, 0x0000000087f00000|  0%| F|  |TAMS 0x0000000087e00000, 0x0000000087e00000| Untracked 
| 127|0x0000000087f00000, 0x0000000087f00000, 0x0000000088000000|  0%| F|  |TAMS 0x0000000087f00000, 0x0000000087f00000| Untracked 
| 128|0x0000000088000000, 0x0000000088000000, 0x0000000088100000|  0%| F|  |TAMS 0x0000000088000000, 0x0000000088000000| Untracked 
| 129|0x0000000088100000, 0x0000000088100000, 0x0000000088200000|  0%| F|  |TAMS 0x0000000088100000, 0x0000000088100000| Untracked 
| 130|0x0000000088200000, 0x0000000088200000, 0x0000000088300000|  0%| F|  |TAMS 0x0000000088200000, 0x0000000088200000| Untracked 
| 131|0x0000000088300000, 0x0000000088300000, 0x0000000088400000|  0%| F|  |TAMS 0x0000000088300000, 0x0000000088300000| Untracked 
| 132|0x0000000088400000, 0x0000000088400000, 0x0000000088500000|  0%| F|  |TAMS 0x0000000088400000, 0x0000000088400000| Untracked 
| 133|0x0000000088500000, 0x0000000088500000, 0x0000000088600000|  0%| F|  |TAMS 0x0000000088500000, 0x0000000088500000| Untracked 
| 134|0x0000000088600000, 0x0000000088600000, 0x0000000088700000|  0%| F|  |TAMS 0x0000000088600000, 0x0000000088600000| Untracked 
| 135|0x0000000088700000, 0x0000000088700000, 0x0000000088800000|  0%| F|  |TAMS 0x0000000088700000, 0x0000000088700000| Untracked 
| 136|0x0000000088800000, 0x0000000088800000, 0x0000000088900000|  0%| F|  |TAMS 0x0000000088800000, 0x0000000088800000| Untracked 
| 137|0x0000000088900000, 0x0000000088900000, 0x0000000088a00000|  0%| F|  |TAMS 0x0000000088900000, 0x0000000088900000| Untracked 
| 138|0x0000000088a00000, 0x0000000088a00000, 0x0000000088b00000|  0%| F|  |TAMS 0x0000000088a00000, 0x0000000088a00000| Untracked 
| 139|0x0000000088b00000, 0x0000000088b00000, 0x0000000088c00000|  0%| F|  |TAMS 0x0000000088b00000, 0x0000000088b00000| Untracked 
| 140|0x0000000088c00000, 0x0000000088c00000, 0x0000000088d00000|  0%| F|  |TAMS 0x0000000088c00000, 0x0000000088c00000| Untracked 
| 141|0x0000000088d00000, 0x0000000088d00000, 0x0000000088e00000|  0%| F|  |TAMS 0x0000000088d00000, 0x0000000088d00000| Untracked 
| 142|0x0000000088e00000, 0x0000000088e00000, 0x0000000088f00000|  0%| F|  |TAMS 0x0000000088e00000, 0x0000000088e00000| Untracked 
| 143|0x0000000088f00000, 0x0000000088f00000, 0x0000000089000000|  0%| F|  |TAMS 0x0000000088f00000, 0x0000000088f00000| Untracked 
| 144|0x0000000089000000, 0x0000000089000000, 0x0000000089100000|  0%| F|  |TAMS 0x0000000089000000, 0x0000000089000000| Untracked 
| 145|0x0000000089100000, 0x0000000089100000, 0x0000000089200000|  0%| F|  |TAMS 0x0000000089100000, 0x0000000089100000| Untracked 
| 146|0x0000000089200000, 0x0000000089200000, 0x0000000089300000|  0%| F|  |TAMS 0x0000000089200000, 0x0000000089200000| Untracked 
| 147|0x0000000089300000, 0x0000000089300000, 0x0000000089400000|  0%| F|  |TAMS 0x0000000089300000, 0x0000000089300000| Untracked 
| 148|0x0000000089400000, 0x0000000089400000, 0x0000000089500000|  0%| F|  |TAMS 0x0000000089400000, 0x0000000089400000| Untracked 
| 149|0x0000000089500000, 0x0000000089500000, 0x0000000089600000|  0%| F|  |TAMS 0x0000000089500000, 0x0000000089500000| Untracked 
| 150|0x0000000089600000, 0x0000000089600000, 0x0000000089700000|  0%| F|  |TAMS 0x0000000089600000, 0x0000000089600000| Untracked 
| 151|0x0000000089700000, 0x0000000089700000, 0x0000000089800000|  0%| F|  |TAMS 0x0000000089700000, 0x0000000089700000| Untracked 
| 152|0x0000000089800000, 0x0000000089800000, 0x0000000089900000|  0%| F|  |TAMS 0x0000000089800000, 0x0000000089800000| Untracked 
| 153|0x0000000089900000, 0x0000000089900000, 0x0000000089a00000|  0%| F|  |TAMS 0x0000000089900000, 0x0000000089900000| Untracked 
| 154|0x0000000089a00000, 0x0000000089a00000, 0x0000000089b00000|  0%| F|  |TAMS 0x0000000089a00000, 0x0000000089a00000| Untracked 
| 155|0x0000000089b00000, 0x0000000089b00000, 0x0000000089c00000|  0%| F|  |TAMS 0x0000000089b00000, 0x0000000089b00000| Untracked 
| 156|0x0000000089c00000, 0x0000000089c00000, 0x0000000089d00000|  0%| F|  |TAMS 0x0000000089c00000, 0x0000000089c00000| Untracked 
| 157|0x0000000089d00000, 0x0000000089d00000, 0x0000000089e00000|  0%| F|  |TAMS 0x0000000089d00000, 0x0000000089d00000| Untracked 
| 158|0x0000000089e00000, 0x0000000089e00000, 0x0000000089f00000|  0%| F|  |TAMS 0x0000000089e00000, 0x0000000089e00000| Untracked 
| 159|0x0000000089f00000, 0x0000000089f00000, 0x000000008a000000|  0%| F|  |TAMS 0x0000000089f00000, 0x0000000089f00000| Untracked 
| 160|0x000000008a000000, 0x000000008a000000, 0x000000008a100000|  0%| F|  |TAMS 0x000000008a000000, 0x000000008a000000| Untracked 
| 161|0x000000008a100000, 0x000000008a100000, 0x000000008a200000|  0%| F|  |TAMS 0x000000008a100000, 0x000000008a100000| Untracked 
| 162|0x000000008a200000, 0x000000008a200000, 0x000000008a300000|  0%| F|  |TAMS 0x000000008a200000, 0x000000008a200000| Untracked 
| 163|0x000000008a300000, 0x000000008a300000, 0x000000008a400000|  0%| F|  |TAMS 0x000000008a300000, 0x000000008a300000| Untracked 
| 164|0x000000008a400000, 0x000000008a400000, 0x000000008a500000|  0%| F|  |TAMS 0x000000008a400000, 0x000000008a400000| Untracked 
| 165|0x000000008a500000, 0x000000008a500000, 0x000000008a600000|  0%| F|  |TAMS 0x000000008a500000, 0x000000008a500000| Untracked 
| 166|0x000000008a600000, 0x000000008a600000, 0x000000008a700000|  0%| F|  |TAMS 0x000000008a600000, 0x000000008a600000| Untracked 
| 167|0x000000008a700000, 0x000000008a700000, 0x000000008a800000|  0%| F|  |TAMS 0x000000008a700000, 0x000000008a700000| Untracked 
| 168|0x000000008a800000, 0x000000008a800000, 0x000000008a900000|  0%| F|  |TAMS 0x000000008a800000, 0x000000008a800000| Untracked 
| 169|0x000000008a900000, 0x000000008a900000, 0x000000008aa00000|  0%| F|  |TAMS 0x000000008a900000, 0x000000008a900000| Untracked 
| 170|0x000000008aa00000, 0x000000008aa00000, 0x000000008ab00000|  0%| F|  |TAMS 0x000000008aa00000, 0x000000008aa00000| Untracked 
| 171|0x000000008ab00000, 0x000000008ab00000, 0x000000008ac00000|  0%| F|  |TAMS 0x000000008ab00000, 0x000000008ab00000| Untracked 
| 172|0x000000008ac00000, 0x000000008ac7bcf8, 0x000000008ad00000| 48%| E|  |TAMS 0x000000008ac00000, 0x000000008ac00000| Complete 
| 173|0x000000008ad00000, 0x000000008ae00000, 0x000000008ae00000|100%| E|CS|TAMS 0x000000008ad00000, 0x000000008ad00000| Complete 
| 174|0x000000008ae00000, 0x000000008af00000, 0x000000008af00000|100%| E|  |TAMS 0x000000008ae00000, 0x000000008ae00000| Complete 
| 175|0x000000008af00000, 0x000000008b000000, 0x000000008b000000|100%| E|CS|TAMS 0x000000008af00000, 0x000000008af00000| Complete 
| 176|0x000000008b000000, 0x000000008b100000, 0x000000008b100000|100%| E|CS|TAMS 0x000000008b000000, 0x000000008b000000| Complete 
| 177|0x000000008b100000, 0x000000008b200000, 0x000000008b200000|100%| E|CS|TAMS 0x000000008b100000, 0x000000008b100000| Complete 
| 178|0x000000008b200000, 0x000000008b300000, 0x000000008b300000|100%| E|CS|TAMS 0x000000008b200000, 0x000000008b200000| Complete 
| 179|0x000000008b300000, 0x000000008b400000, 0x000000008b400000|100%| E|CS|TAMS 0x000000008b300000, 0x000000008b300000| Complete 
| 180|0x000000008b400000, 0x000000008b500000, 0x000000008b500000|100%| E|CS|TAMS 0x000000008b400000, 0x000000008b400000| Complete 
| 181|0x000000008b500000, 0x000000008b600000, 0x000000008b600000|100%| E|CS|TAMS 0x000000008b500000, 0x000000008b500000| Complete 
| 182|0x000000008b600000, 0x000000008b700000, 0x000000008b700000|100%| E|CS|TAMS 0x000000008b600000, 0x000000008b600000| Complete 
| 183|0x000000008b700000, 0x000000008b800000, 0x000000008b800000|100%| E|CS|TAMS 0x000000008b700000, 0x000000008b700000| Complete 
| 184|0x000000008b800000, 0x000000008b900000, 0x000000008b900000|100%| E|CS|TAMS 0x000000008b800000, 0x000000008b800000| Complete 
| 185|0x000000008b900000, 0x000000008ba00000, 0x000000008ba00000|100%| E|CS|TAMS 0x000000008b900000, 0x000000008b900000| Complete 
| 186|0x000000008ba00000, 0x000000008bb00000, 0x000000008bb00000|100%| E|CS|TAMS 0x000000008ba00000, 0x000000008ba00000| Complete 
| 187|0x000000008bb00000, 0x000000008bc00000, 0x000000008bc00000|100%| E|CS|TAMS 0x000000008bb00000, 0x000000008bb00000| Complete 
| 188|0x000000008bc00000, 0x000000008bd00000, 0x000000008bd00000|100%| E|CS|TAMS 0x000000008bc00000, 0x000000008bc00000| Complete 
| 189|0x000000008bd00000, 0x000000008be00000, 0x000000008be00000|100%| E|CS|TAMS 0x000000008bd00000, 0x000000008bd00000| Complete 
| 190|0x000000008be00000, 0x000000008bf00000, 0x000000008bf00000|100%| E|CS|TAMS 0x000000008be00000, 0x000000008be00000| Complete 
| 191|0x000000008bf00000, 0x000000008c000000, 0x000000008c000000|100%| E|CS|TAMS 0x000000008bf00000, 0x000000008bf00000| Complete 
| 192|0x000000008c000000, 0x000000008c100000, 0x000000008c100000|100%| E|CS|TAMS 0x000000008c000000, 0x000000008c000000| Complete 
| 193|0x000000008c100000, 0x000000008c200000, 0x000000008c200000|100%| E|CS|TAMS 0x000000008c100000, 0x000000008c100000| Complete 
| 194|0x000000008c200000, 0x000000008c300000, 0x000000008c300000|100%| E|CS|TAMS 0x000000008c200000, 0x000000008c200000| Complete 
| 195|0x000000008c300000, 0x000000008c400000, 0x000000008c400000|100%| E|CS|TAMS 0x000000008c300000, 0x000000008c300000| Complete 
| 196|0x000000008c400000, 0x000000008c500000, 0x000000008c500000|100%| E|CS|TAMS 0x000000008c400000, 0x000000008c400000| Complete 
| 197|0x000000008c500000, 0x000000008c600000, 0x000000008c600000|100%| E|CS|TAMS 0x000000008c500000, 0x000000008c500000| Complete 
| 198|0x000000008c600000, 0x000000008c700000, 0x000000008c700000|100%| E|CS|TAMS 0x000000008c600000, 0x000000008c600000| Complete 
| 199|0x000000008c700000, 0x000000008c800000, 0x000000008c800000|100%| E|CS|TAMS 0x000000008c700000, 0x000000008c700000| Complete 
| 200|0x000000008c800000, 0x000000008c900000, 0x000000008c900000|100%| E|CS|TAMS 0x000000008c800000, 0x000000008c800000| Complete 
| 201|0x000000008c900000, 0x000000008ca00000, 0x000000008ca00000|100%| E|CS|TAMS 0x000000008c900000, 0x000000008c900000| Complete 
| 202|0x000000008ca00000, 0x000000008cb00000, 0x000000008cb00000|100%| E|CS|TAMS 0x000000008ca00000, 0x000000008ca00000| Complete 
| 203|0x000000008cb00000, 0x000000008cc00000, 0x000000008cc00000|100%| E|CS|TAMS 0x000000008cb00000, 0x000000008cb00000| Complete 
| 204|0x000000008cc00000, 0x000000008cd00000, 0x000000008cd00000|100%| E|CS|TAMS 0x000000008cc00000, 0x000000008cc00000| Complete 
| 205|0x000000008cd00000, 0x000000008ce00000, 0x000000008ce00000|100%| E|CS|TAMS 0x000000008cd00000, 0x000000008cd00000| Complete 
| 206|0x000000008ce00000, 0x000000008cf00000, 0x000000008cf00000|100%| E|CS|TAMS 0x000000008ce00000, 0x000000008ce00000| Complete 
| 207|0x000000008cf00000, 0x000000008d000000, 0x000000008d000000|100%| E|CS|TAMS 0x000000008cf00000, 0x000000008cf00000| Complete 
| 208|0x000000008d000000, 0x000000008d100000, 0x000000008d100000|100%| E|CS|TAMS 0x000000008d000000, 0x000000008d000000| Complete 
| 209|0x000000008d100000, 0x000000008d200000, 0x000000008d200000|100%| E|CS|TAMS 0x000000008d100000, 0x000000008d100000| Complete 
| 210|0x000000008d200000, 0x000000008d300000, 0x000000008d300000|100%| E|CS|TAMS 0x000000008d200000, 0x000000008d200000| Complete 
| 211|0x000000008d300000, 0x000000008d400000, 0x000000008d400000|100%| E|CS|TAMS 0x000000008d300000, 0x000000008d300000| Complete 
| 212|0x000000008d400000, 0x000000008d500000, 0x000000008d500000|100%| E|CS|TAMS 0x000000008d400000, 0x000000008d400000| Complete 
| 213|0x000000008d500000, 0x000000008d600000, 0x000000008d600000|100%| E|CS|TAMS 0x000000008d500000, 0x000000008d500000| Complete 
| 214|0x000000008d600000, 0x000000008d700000, 0x000000008d700000|100%| E|CS|TAMS 0x000000008d600000, 0x000000008d600000| Complete 
| 215|0x000000008d700000, 0x000000008d800000, 0x000000008d800000|100%| E|CS|TAMS 0x000000008d700000, 0x000000008d700000| Complete 
| 216|0x000000008d800000, 0x000000008d900000, 0x000000008d900000|100%| E|CS|TAMS 0x000000008d800000, 0x000000008d800000| Complete 
| 217|0x000000008d900000, 0x000000008da00000, 0x000000008da00000|100%| E|CS|TAMS 0x000000008d900000, 0x000000008d900000| Complete 
| 218|0x000000008da00000, 0x000000008db00000, 0x000000008db00000|100%| E|CS|TAMS 0x000000008da00000, 0x000000008da00000| Complete 
| 219|0x000000008db00000, 0x000000008dc00000, 0x000000008dc00000|100%| E|CS|TAMS 0x000000008db00000, 0x000000008db00000| Complete 
| 220|0x000000008dc00000, 0x000000008dd00000, 0x000000008dd00000|100%| E|CS|TAMS 0x000000008dc00000, 0x000000008dc00000| Complete 
| 221|0x000000008dd00000, 0x000000008de00000, 0x000000008de00000|100%| E|CS|TAMS 0x000000008dd00000, 0x000000008dd00000| Complete 
| 222|0x000000008de00000, 0x000000008df00000, 0x000000008df00000|100%| E|CS|TAMS 0x000000008de00000, 0x000000008de00000| Complete 
| 223|0x000000008df00000, 0x000000008e000000, 0x000000008e000000|100%| E|CS|TAMS 0x000000008df00000, 0x000000008df00000| Complete 
| 224|0x000000008e000000, 0x000000008e100000, 0x000000008e100000|100%| E|CS|TAMS 0x000000008e000000, 0x000000008e000000| Complete 
| 225|0x000000008e100000, 0x000000008e200000, 0x000000008e200000|100%| E|CS|TAMS 0x000000008e100000, 0x000000008e100000| Complete 
| 226|0x000000008e200000, 0x000000008e300000, 0x000000008e300000|100%| E|CS|TAMS 0x000000008e200000, 0x000000008e200000| Complete 
| 227|0x000000008e300000, 0x000000008e400000, 0x000000008e400000|100%| E|CS|TAMS 0x000000008e300000, 0x000000008e300000| Complete 
| 228|0x000000008e400000, 0x000000008e500000, 0x000000008e500000|100%| E|CS|TAMS 0x000000008e400000, 0x000000008e400000| Complete 
| 229|0x000000008e500000, 0x000000008e600000, 0x000000008e600000|100%| E|CS|TAMS 0x000000008e500000, 0x000000008e500000| Complete 
| 230|0x000000008e600000, 0x000000008e700000, 0x000000008e700000|100%| E|CS|TAMS 0x000000008e600000, 0x000000008e600000| Complete 
| 231|0x000000008e700000, 0x000000008e800000, 0x000000008e800000|100%| E|CS|TAMS 0x000000008e700000, 0x000000008e700000| Complete 
| 232|0x000000008e800000, 0x000000008e900000, 0x000000008e900000|100%| E|CS|TAMS 0x000000008e800000, 0x000000008e800000| Complete 
| 233|0x000000008e900000, 0x000000008ea00000, 0x000000008ea00000|100%| E|CS|TAMS 0x000000008e900000, 0x000000008e900000| Complete 
| 234|0x000000008ea00000, 0x000000008eb00000, 0x000000008eb00000|100%| E|CS|TAMS 0x000000008ea00000, 0x000000008ea00000| Complete 
| 235|0x000000008eb00000, 0x000000008ec00000, 0x000000008ec00000|100%| E|CS|TAMS 0x000000008eb00000, 0x000000008eb00000| Complete 
| 236|0x000000008ec00000, 0x000000008ed00000, 0x000000008ed00000|100%| E|CS|TAMS 0x000000008ec00000, 0x000000008ec00000| Complete 
| 237|0x000000008ed00000, 0x000000008ee00000, 0x000000008ee00000|100%| E|CS|TAMS 0x000000008ed00000, 0x000000008ed00000| Complete 
| 238|0x000000008ee00000, 0x000000008ef00000, 0x000000008ef00000|100%| E|CS|TAMS 0x000000008ee00000, 0x000000008ee00000| Complete 
| 239|0x000000008ef00000, 0x000000008f000000, 0x000000008f000000|100%| E|CS|TAMS 0x000000008ef00000, 0x000000008ef00000| Complete 
| 240|0x000000008f000000, 0x000000008f100000, 0x000000008f100000|100%| E|CS|TAMS 0x000000008f000000, 0x000000008f000000| Complete 
| 241|0x000000008f100000, 0x000000008f200000, 0x000000008f200000|100%| E|CS|TAMS 0x000000008f100000, 0x000000008f100000| Complete 
| 242|0x000000008f200000, 0x000000008f300000, 0x000000008f300000|100%| E|CS|TAMS 0x000000008f200000, 0x000000008f200000| Complete 

Card table byte_map: [0x000001fa47710000,0x000001fa47b10000] _byte_map_base: 0x000001fa47310000

Marking Bits (Prev, Next): (CMBitMap*) 0x000001fa3483db90, (CMBitMap*) 0x000001fa3483db58
 Prev Bits: [0x000001fa49f10000, 0x000001fa4bf10000)
 Next Bits: [0x000001fa47f10000, 0x000001fa49f10000)

Polling page: 0x000001fa32740000

Metaspace:

Usage:
  Non-class:     43.55 MB capacity,    42.77 MB ( 98%) used,   656.71 KB (  1%) free+waste,   134.88 KB ( <1%) overhead. 
      Class:      6.69 MB capacity,     6.23 MB ( 93%) used,   407.06 KB (  6%) free+waste,    64.31 KB ( <1%) overhead. 
       Both:     50.24 MB capacity,    49.00 MB ( 98%) used,     1.04 MB (  2%) free+waste,   199.19 KB ( <1%) overhead. 

Virtual space:
  Non-class space:       44.00 MB reserved,      43.57 MB (>99%) committed 
      Class space:        1.00 GB reserved,       6.75 MB ( <1%) committed 
             Both:        1.04 GB reserved,      50.32 MB (  5%) committed 

Chunk freelists:
   Non-Class:  23.00 KB
       Class:  0 bytes
        Both:  23.00 KB

MaxMetaspaceSize: 17179869184.00 GB
CompressedClassSpaceSize: 1.00 GB
Initial GC threshold: 20.80 MB
Current GC threshold: 82.83 MB
CDS: off

CodeHeap 'non-profiled nmethods': size=120064Kb used=5024Kb max_used=5024Kb free=115039Kb
 bounds [0x000001fa3fdd0000, 0x000001fa402c0000, 0x000001fa47310000]
CodeHeap 'profiled nmethods': size=120000Kb used=13482Kb max_used=13482Kb free=106518Kb
 bounds [0x000001fa388a0000, 0x000001fa395d0000, 0x000001fa3fdd0000]
CodeHeap 'non-nmethods': size=5696Kb used=2295Kb max_used=2375Kb free=3400Kb
 bounds [0x000001fa38310000, 0x000001fa38580000, 0x000001fa388a0000]
 total_blobs=6691 nmethods=5893 adapters=710
 compilation: enabled
              stopped_count=0, restarted_count=0
 full_count=0

Compilation events (20 events):
Event: 30.412 Thread 0x000001fa4e414000 5979 %     3       org.objectweb.asm.MethodWriter::putMethodInfo @ 990 (1274 bytes)
Event: 30.420 Thread 0x000001fa4e414000 nmethod 5979% 0x000001fa395bd410 code [0x000001fa395bdac0, 0x000001fa395c0228]
Event: 30.426 Thread 0x000001fa4e414000 5980       3       org.objectweb.asm.MethodWriter::putMethodInfo (1274 bytes)
Event: 30.430 Thread 0x000001fa4e414000 nmethod 5980 0x000001fa395c1610 code [0x000001fa395c1ca0, 0x000001fa395c42a8]
Event: 30.489 Thread 0x000001fa4e414000 5981 %     3       org.gradle.internal.classpath.InstrumentingBackwardsCompatibilityVisitor::fixInternalNamesForBackwardsCompatibility @ 8 (31 bytes)
Event: 30.490 Thread 0x000001fa4e414000 nmethod 5981% 0x000001fa395c5590 code [0x000001fa395c5780, 0x000001fa395c5c08]
Event: 30.499 Thread 0x000001fa4e412800 nmethod 5975 0x000001fa40296710 code [0x000001fa40296d60, 0x000001fa4029fec8]
Event: 30.500 Thread 0x000001fa4e412800 5977       4       org.objectweb.asm.ClassReader::accept (1412 bytes)
Event: 30.519 Thread 0x000001fa4e414000 5982       2       java.util.concurrent.ThreadPoolExecutor::runStateAtLeast (11 bytes)
Event: 30.519 Thread 0x000001fa4e414000 nmethod 5982 0x000001fa395c5e10 code [0x000001fa395c5fc0, 0x000001fa395c60b8]
Event: 30.666 Thread 0x000001fa4e414000 5984       3       org.objectweb.asm.ClassWriter::visit (160 bytes)
Event: 30.668 Thread 0x000001fa4e414000 nmethod 5984 0x000001fa395c6190 code [0x000001fa395c63e0, 0x000001fa395c6c18]
Event: 30.906 Thread 0x000001fa4e414000 5986 %     3       org.objectweb.asm.MethodWriter::visitTableSwitchInsn @ 78 (120 bytes)
Event: 30.907 Thread 0x000001fa4e414000 nmethod 5986% 0x000001fa395c7090 code [0x000001fa395c72e0, 0x000001fa395c7888]
Event: 31.197 Thread 0x000001fa4e414000 5987 % !   3       org.gradle.internal.classpath.ClasspathWalker::visitJarContents @ 13 (107 bytes)
Event: 31.198 Thread 0x000001fa4e414000 nmethod 5987% 0x000001fa395c7c10 code [0x000001fa395c7ec0, 0x000001fa395c8c68]
Event: 31.198 Thread 0x000001fa4e414000 5988   !   3       org.gradle.internal.classpath.ClasspathWalker::visitJarContents (107 bytes)
Event: 31.199 Thread 0x000001fa4e414000 nmethod 5988 0x000001fa395c9290 code [0x000001fa395c9540, 0x000001fa395ca228]
Event: 31.336 Thread 0x000001fa4e412800 nmethod 5977 0x000001fa402a7010 code [0x000001fa402a76e0, 0x000001fa402b1fc0]
Event: 31.337 Thread 0x000001fa4e412800 5985       4       org.objectweb.asm.ClassWriter::toByteArray (1535 bytes)

GC Heap History (20 events):
Event: 25.257 GC heap before
{Heap before GC invocations=35 (full 0):
 garbage-first heap   total 206848K, used 158405K [0x0000000080000000, 0x0000000100000000)
  region size 1024K, 87 young (89088K), 4 survivors (4096K)
 Metaspace       used 49580K, capacity 50760K, committed 50888K, reserved 1093632K
  class space    used 6319K, capacity 6780K, committed 6784K, reserved 1048576K
}
Event: 25.263 GC heap after
{Heap after GC invocations=36 (full 0):
 garbage-first heap   total 206848K, used 74909K [0x0000000080000000, 0x0000000100000000)
  region size 1024K, 6 young (6144K), 6 survivors (6144K)
 Metaspace       used 49580K, capacity 50760K, committed 50888K, reserved 1093632K
  class space    used 6319K, capacity 6780K, committed 6784K, reserved 1048576K
}
Event: 25.573 GC heap before
{Heap before GC invocations=36 (full 0):
 garbage-first heap   total 206848K, used 163997K [0x0000000080000000, 0x0000000100000000)
  region size 1024K, 93 young (95232K), 6 survivors (6144K)
 Metaspace       used 49623K, capacity 50845K, committed 51016K, reserved 1093632K
  class space    used 6332K, capacity 6787K, committed 6912K, reserved 1048576K
}
Event: 25.579 GC heap after
{Heap after GC invocations=37 (full 0):
 garbage-first heap   total 206848K, used 76485K [0x0000000080000000, 0x0000000100000000)
  region size 1024K, 7 young (7168K), 7 survivors (7168K)
 Metaspace       used 49623K, capacity 50845K, committed 51016K, reserved 1093632K
  class space    used 6332K, capacity 6787K, committed 6912K, reserved 1048576K
}
Event: 25.827 GC heap before
{Heap before GC invocations=37 (full 0):
 garbage-first heap   total 206848K, used 168645K [0x0000000080000000, 0x0000000100000000)
  region size 1024K, 97 young (99328K), 7 survivors (7168K)
 Metaspace       used 49623K, capacity 50845K, committed 51016K, reserved 1093632K
  class space    used 6332K, capacity 6787K, committed 6912K, reserved 1048576K
}
Event: 25.836 GC heap after
{Heap after GC invocations=38 (full 0):
 garbage-first heap   total 206848K, used 78444K [0x0000000080000000, 0x0000000100000000)
  region size 1024K, 9 young (9216K), 9 survivors (9216K)
 Metaspace       used 49623K, capacity 50845K, committed 51016K, reserved 1093632K
  class space    used 6332K, capacity 6787K, committed 6912K, reserved 1048576K
}
Event: 26.591 GC heap before
{Heap before GC invocations=38 (full 0):
 garbage-first heap   total 206848K, used 176748K [0x0000000080000000, 0x0000000100000000)
  region size 1024K, 100 young (102400K), 9 survivors (9216K)
 Metaspace       used 49858K, capacity 51083K, committed 51272K, reserved 1093632K
  class space    used 6344K, capacity 6798K, committed 6912K, reserved 1048576K
}
Event: 26.602 GC heap after
{Heap after GC invocations=39 (full 0):
 garbage-first heap   total 248832K, used 74260K [0x0000000080000000, 0x0000000100000000)
  region size 1024K, 4 young (4096K), 4 survivors (4096K)
 Metaspace       used 49858K, capacity 51083K, committed 51272K, reserved 1093632K
  class space    used 6344K, capacity 6798K, committed 6912K, reserved 1048576K
}
Event: 27.842 GC heap before
{Heap before GC invocations=39 (full 0):
 garbage-first heap   total 248832K, used 227860K [0x0000000080000000, 0x0000000100000000)
  region size 1024K, 137 young (140288K), 4 survivors (4096K)
 Metaspace       used 50170K, capacity 51444K, committed 51528K, reserved 1093632K
  class space    used 6378K, capacity 6851K, committed 6912K, reserved 1048576K
}
Event: 27.853 GC heap after
{Heap after GC invocations=40 (full 0):
 garbage-first heap   total 248832K, used 85680K [0x0000000080000000, 0x0000000100000000)
  region size 1024K, 7 young (7168K), 7 survivors (7168K)
 Metaspace       used 50170K, capacity 51444K, committed 51528K, reserved 1093632K
  class space    used 6378K, capacity 6851K, committed 6912K, reserved 1048576K
}
Event: 28.494 GC heap before
{Heap before GC invocations=40 (full 0):
 garbage-first heap   total 248832K, used 206512K [0x0000000080000000, 0x0000000100000000)
  region size 1024K, 126 young (129024K), 7 survivors (7168K)
 Metaspace       used 50171K, capacity 51444K, committed 51528K, reserved 1093632K
  class space    used 6378K, capacity 6851K, committed 6912K, reserved 1048576K
}
Event: 28.504 GC heap after
{Heap after GC invocations=41 (full 0):
 garbage-first heap   total 248832K, used 86210K [0x0000000080000000, 0x0000000100000000)
  region size 1024K, 7 young (7168K), 7 survivors (7168K)
 Metaspace       used 50171K, capacity 51444K, committed 51528K, reserved 1093632K
  class space    used 6378K, capacity 6851K, committed 6912K, reserved 1048576K
}
Event: 29.169 GC heap before
{Heap before GC invocations=41 (full 0):
 garbage-first heap   total 248832K, used 209090K [0x0000000080000000, 0x0000000100000000)
  region size 1024K, 128 young (131072K), 7 survivors (7168K)
 Metaspace       used 50177K, capacity 51444K, committed 51528K, reserved 1093632K
  class space    used 6379K, capacity 6851K, committed 6912K, reserved 1048576K
}
Event: 29.177 GC heap after
{Heap after GC invocations=42 (full 0):
 garbage-first heap   total 248832K, used 86397K [0x0000000080000000, 0x0000000100000000)
  region size 1024K, 8 young (8192K), 8 survivors (8192K)
 Metaspace       used 50177K, capacity 51444K, committed 51528K, reserved 1093632K
  class space    used 6379K, capacity 6851K, committed 6912K, reserved 1048576K
}
Event: 29.676 GC heap before
{Heap before GC invocations=42 (full 0):
 garbage-first heap   total 248832K, used 209277K [0x0000000080000000, 0x0000000100000000)
  region size 1024K, 129 young (132096K), 8 survivors (8192K)
 Metaspace       used 50179K, capacity 51444K, committed 51528K, reserved 1093632K
  class space    used 6379K, capacity 6851K, committed 6912K, reserved 1048576K
}
Event: 29.685 GC heap after
{Heap after GC invocations=43 (full 0):
 garbage-first heap   total 248832K, used 87951K [0x0000000080000000, 0x0000000100000000)
  region size 1024K, 9 young (9216K), 9 survivors (9216K)
 Metaspace       used 50179K, capacity 51444K, committed 51528K, reserved 1093632K
  class space    used 6379K, capacity 6851K, committed 6912K, reserved 1048576K
}
Event: 30.358 GC heap before
{Heap before GC invocations=43 (full 0):
 garbage-first heap   total 248832K, used 211855K [0x0000000080000000, 0x0000000100000000)
  region size 1024K, 130 young (133120K), 9 survivors (9216K)
 Metaspace       used 50179K, capacity 51444K, committed 51528K, reserved 1093632K
  class space    used 6379K, capacity 6851K, committed 6912K, reserved 1048576K
}
Event: 30.366 GC heap after
{Heap after GC invocations=44 (full 0):
 garbage-first heap   total 248832K, used 87518K [0x0000000080000000, 0x0000000100000000)
  region size 1024K, 9 young (9216K), 9 survivors (9216K)
 Metaspace       used 50179K, capacity 51444K, committed 51528K, reserved 1093632K
  class space    used 6379K, capacity 6851K, committed 6912K, reserved 1048576K
}
Event: 30.921 GC heap before
{Heap before GC invocations=44 (full 0):
 garbage-first heap   total 248832K, used 219614K [0x0000000080000000, 0x0000000100000000)
  region size 1024K, 131 young (134144K), 9 survivors (9216K)
 Metaspace       used 50179K, capacity 51444K, committed 51528K, reserved 1093632K
  class space    used 6379K, capacity 6851K, committed 6912K, reserved 1048576K
}
Event: 30.935 GC heap after
{Heap after GC invocations=45 (full 0):
 garbage-first heap   total 248832K, used 91907K [0x0000000080000000, 0x0000000100000000)
  region size 1024K, 10 young (10240K), 10 survivors (10240K)
 Metaspace       used 50179K, capacity 51444K, committed 51528K, reserved 1093632K
  class space    used 6379K, capacity 6851K, committed 6912K, reserved 1048576K
}

Deoptimization events (20 events):
Event: 31.130 Thread 0x000001fa50698000 DEOPT PACKING pc=0x000001fa395835c2 sp=0x000000611a6fde30
Event: 31.130 Thread 0x000001fa50698000 DEOPT UNPACKING pc=0x000001fa3835a95e sp=0x000000611a6fd4b0 mode 0
Event: 31.139 Thread 0x000001fa5069a800 DEOPT PACKING pc=0x000001fa395835c2 sp=0x000000611a7fddd0
Event: 31.139 Thread 0x000001fa5069a800 DEOPT UNPACKING pc=0x000001fa3835a95e sp=0x000000611a7fd450 mode 0
Event: 31.145 Thread 0x000001fa50698000 DEOPT PACKING pc=0x000001fa395835c2 sp=0x000000611a6fde30
Event: 31.145 Thread 0x000001fa50698000 DEOPT UNPACKING pc=0x000001fa3835a95e sp=0x000000611a6fd4b0 mode 0
Event: 31.147 Thread 0x000001fa50698000 DEOPT PACKING pc=0x000001fa395835c2 sp=0x000000611a6fde30
Event: 31.147 Thread 0x000001fa50698000 DEOPT UNPACKING pc=0x000001fa3835a95e sp=0x000000611a6fd4b0 mode 0
Event: 31.164 Thread 0x000001fa5069b800 DEOPT PACKING pc=0x000001fa3958194a sp=0x000000611a8fdfe0
Event: 31.164 Thread 0x000001fa5069b800 DEOPT UNPACKING pc=0x000001fa3835a95e sp=0x000000611a8fd660 mode 0
Event: 31.173 Thread 0x000001fa5069b800 DEOPT PACKING pc=0x000001fa395835c2 sp=0x000000611a8fdfe0
Event: 31.173 Thread 0x000001fa5069b800 DEOPT UNPACKING pc=0x000001fa3835a95e sp=0x000000611a8fd660 mode 0
Event: 31.177 Thread 0x000001fa5069b800 DEOPT PACKING pc=0x000001fa395835c2 sp=0x000000611a8fdfe0
Event: 31.177 Thread 0x000001fa5069b800 DEOPT UNPACKING pc=0x000001fa3835a95e sp=0x000000611a8fd660 mode 0
Event: 31.181 Thread 0x000001fa5069b800 DEOPT PACKING pc=0x000001fa3958194a sp=0x000000611a8fdfe0
Event: 31.181 Thread 0x000001fa5069b800 DEOPT UNPACKING pc=0x000001fa3835a95e sp=0x000000611a8fd660 mode 0
Event: 31.185 Thread 0x000001fa5069b800 DEOPT PACKING pc=0x000001fa395835c2 sp=0x000000611a8fdfe0
Event: 31.185 Thread 0x000001fa5069b800 DEOPT UNPACKING pc=0x000001fa3835a95e sp=0x000000611a8fd660 mode 0
Event: 31.209 Thread 0x000001fa50699800 DEOPT PACKING pc=0x000001fa395835c2 sp=0x000000611a3fe000
Event: 31.209 Thread 0x000001fa50699800 DEOPT UNPACKING pc=0x000001fa3835a95e sp=0x000000611a3fd680 mode 0

Classes redefined (0 events):
No events

Internal exceptions (20 events):
Event: 27.089 Thread 0x000001fa5069a800 Exception <a 'sun/nio/fs/WindowsException'{0x000000008d34c420}> (0x000000008d34c420) thrown at [./src/hotspot/share/prims/jni.cpp, line 616]
Event: 27.093 Thread 0x000001fa5069a800 Exception <a 'sun/nio/fs/WindowsException'{0x000000008d34c5e8}> (0x000000008d34c5e8) thrown at [./src/hotspot/share/prims/jni.cpp, line 616]
Event: 27.106 Thread 0x000001fa51493800 Exception <a 'java/lang/ClassNotFoundException'{0x000000008d3c9860}: ijinit1_a0cgxg37du1v0vn247lujr94aBeanInfo> (0x000000008d3c9860) thrown at [./src/hotspot/share/classfile/systemDictionary.cpp, line 231]
Event: 27.106 Thread 0x000001fa51493800 Exception <a 'java/lang/ClassNotFoundException'{0x000000008d3d5f58}: ijinit1_a0cgxg37du1v0vn247lujr94aCustomizer> (0x000000008d3d5f58) thrown at [./src/hotspot/share/classfile/systemDictionary.cpp, line 231]
Event: 27.118 Thread 0x000001fa51493800 Exception <a 'java/lang/ClassNotFoundException'{0x000000008d225bf8}: ijinit1_a0cgxg37du1v0vn247lujr94a$_run_closure1BeanInfo> (0x000000008d225bf8) thrown at [./src/hotspot/share/classfile/systemDictionary.cpp, line 231]
Event: 27.118 Thread 0x000001fa51493800 Exception <a 'java/lang/ClassNotFoundException'{0x000000008d22cc30}: ijinit1_a0cgxg37du1v0vn247lujr94a$_run_closure1Customizer> (0x000000008d22cc30) thrown at [./src/hotspot/share/classfile/systemDictionary.cpp, line 231]
Event: 27.152 Thread 0x000001fa5069a800 Implicit null exception at 0x000001fa400578cf to 0x000001fa40057d58
Event: 27.156 Thread 0x000001fa5069a800 Exception <a 'sun/nio/fs/WindowsException'{0x000000008d360ae8}> (0x000000008d360ae8) thrown at [./src/hotspot/share/prims/jni.cpp, line 616]
Event: 27.190 Thread 0x000001fa5069b800 Exception <a 'sun/nio/fs/WindowsException'{0x000000008d10ed58}> (0x000000008d10ed58) thrown at [./src/hotspot/share/prims/jni.cpp, line 616]
Event: 27.205 Thread 0x000001fa50698000 Exception <a 'sun/nio/fs/WindowsException'{0x000000008cb362a8}> (0x000000008cb362a8) thrown at [./src/hotspot/share/prims/jni.cpp, line 616]
Event: 27.235 Thread 0x000001fa5069a800 Exception <a 'sun/nio/fs/WindowsException'{0x000000008c8a9bd0}> (0x000000008c8a9bd0) thrown at [./src/hotspot/share/prims/jni.cpp, line 616]
Event: 27.255 Thread 0x000001fa5069a800 Exception <a 'sun/nio/fs/WindowsException'{0x000000008c8a9de8}> (0x000000008c8a9de8) thrown at [./src/hotspot/share/prims/jni.cpp, line 616]
Event: 27.275 Thread 0x000001fa50699800 Exception <a 'sun/nio/fs/WindowsException'{0x000000008c231f78}> (0x000000008c231f78) thrown at [./src/hotspot/share/prims/jni.cpp, line 616]
Event: 27.310 Thread 0x000001fa5069b800 Exception <a 'sun/nio/fs/WindowsException'{0x000000008be9ded8}> (0x000000008be9ded8) thrown at [./src/hotspot/share/prims/jni.cpp, line 616]
Event: 27.372 Thread 0x000001fa5069b800 Exception <a 'sun/nio/fs/WindowsException'{0x000000008be9e0d8}> (0x000000008be9e0d8) thrown at [./src/hotspot/share/prims/jni.cpp, line 616]
Event: 27.372 Thread 0x000001fa5069a800 Exception <a 'sun/nio/fs/WindowsException'{0x000000008b683b38}> (0x000000008b683b38) thrown at [./src/hotspot/share/prims/jni.cpp, line 616]
Event: 27.581 Thread 0x000001fa5069b800 Exception <a 'sun/nio/fs/WindowsException'{0x0000000089afaf58}> (0x0000000089afaf58) thrown at [./src/hotspot/share/prims/jni.cpp, line 616]
Event: 30.333 Thread 0x000001fa50698000 Exception <a 'sun/nio/fs/WindowsException'{0x0000000087eb9dd8}> (0x0000000087eb9dd8) thrown at [./src/hotspot/share/prims/jni.cpp, line 616]
Event: 30.335 Thread 0x000001fa50698000 Exception <a 'sun/nio/fs/WindowsException'{0x0000000087eb9f90}> (0x0000000087eb9f90) thrown at [./src/hotspot/share/prims/jni.cpp, line 616]
Event: 30.620 Thread 0x000001fa50698000 Exception <a 'sun/nio/fs/WindowsException'{0x000000008ccf6ba8}> (0x000000008ccf6ba8) thrown at [./src/hotspot/share/prims/jni.cpp, line 616]

Events (20 events):
Event: 27.118 loading class ijinit1_a0cgxg37du1v0vn247lujr94a$_run_closure1BeanInfo
Event: 27.118 loading class ijinit1_a0cgxg37du1v0vn247lujr94a$_run_closure1BeanInfo done
Event: 27.118 loading class ijinit1_a0cgxg37du1v0vn247lujr94a$_run_closure1Customizer
Event: 27.118 loading class ijinit1_a0cgxg37du1v0vn247lujr94a$_run_closure1Customizer done
Event: 27.118 loading class ijinit1_a0cgxg37du1v0vn247lujr94a$_run_closure1Customizer
Event: 27.118 loading class ijinit1_a0cgxg37du1v0vn247lujr94a$_run_closure1Customizer done
Event: 27.840 Executing VM operation: G1CollectForAllocation
Event: 27.853 Executing VM operation: G1CollectForAllocation done
Event: 28.493 Executing VM operation: G1CollectForAllocation
Event: 28.504 Executing VM operation: G1CollectForAllocation done
Event: 28.884 loading class org/gradle/internal/classpath/InstrumentingTransformer$InstrumentingVisitor$1
Event: 28.884 loading class org/gradle/internal/classpath/InstrumentingTransformer$InstrumentingVisitor$1 done
Event: 29.169 Executing VM operation: G1CollectForAllocation
Event: 29.177 Executing VM operation: G1CollectForAllocation done
Event: 29.676 Executing VM operation: G1CollectForAllocation
Event: 29.685 Executing VM operation: G1CollectForAllocation done
Event: 30.357 Executing VM operation: G1CollectForAllocation
Event: 30.366 Executing VM operation: G1CollectForAllocation done
Event: 30.920 Executing VM operation: G1CollectForAllocation
Event: 30.935 Executing VM operation: G1CollectForAllocation done


Dynamic libraries:
0x00007ff7968c0000 - 0x00007ff7968ca000 	C:\Program Files\Android\Android Studio\jre\bin\java.exe
0x00007ffb5b5a0000 - 0x00007ffb5b7a9000 	C:\WINDOWS\SYSTEM32\ntdll.dll
0x00007ffb5aa50000 - 0x00007ffb5ab0e000 	C:\WINDOWS\System32\KERNEL32.DLL
0x00007ffb58aa0000 - 0x00007ffb58e1b000 	C:\WINDOWS\System32\KERNELBASE.dll
0x00007ffb55d10000 - 0x00007ffb55da2000 	C:\WINDOWS\SYSTEM32\apphelp.dll
0x00007ffb59300000 - 0x00007ffb59411000 	C:\WINDOWS\System32\ucrtbase.dll
0x00007ffb48fc0000 - 0x00007ffb48fd9000 	C:\Program Files\Android\Android Studio\jre\bin\jli.dll
0x00007ffb48eb0000 - 0x00007ffb48ec7000 	C:\Program Files\Android\Android Studio\jre\bin\VCRUNTIME140.dll
0x00007ffb5ad50000 - 0x00007ffb5aefd000 	C:\WINDOWS\System32\USER32.dll
0x00007ffb58a70000 - 0x00007ffb58a96000 	C:\WINDOWS\System32\win32u.dll
0x00007ffb5a7a0000 - 0x00007ffb5a7c9000 	C:\WINDOWS\System32\GDI32.dll
0x00007ffb3f340000 - 0x00007ffb3f5e5000 	C:\WINDOWS\WinSxS\amd64_microsoft.windows.common-controls_6595b64144ccf1df_6.0.22000.120_none_9d947278b86cc467\COMCTL32.dll
0x00007ffb59050000 - 0x00007ffb59168000 	C:\WINDOWS\System32\gdi32full.dll
0x00007ffb5a9a0000 - 0x00007ffb5aa43000 	C:\WINDOWS\System32\msvcrt.dll
0x00007ffb591e0000 - 0x00007ffb5927d000 	C:\WINDOWS\System32\msvcp_win.dll
0x00007ffb5ad00000 - 0x00007ffb5ad32000 	C:\WINDOWS\System32\IMM32.DLL
0x00007ffb31a50000 - 0x00007ffb31aed000 	C:\Program Files\Android\Android Studio\jre\bin\msvcp140.dll
0x00007ffb0c560000 - 0x00007ffb0d062000 	C:\Program Files\Android\Android Studio\jre\bin\server\jvm.dll
0x00007ffb5a400000 - 0x00007ffb5a4ae000 	C:\WINDOWS\System32\ADVAPI32.dll
0x00007ffb5aba0000 - 0x00007ffb5ac3e000 	C:\WINDOWS\System32\sechost.dll
0x00007ffb5af60000 - 0x00007ffb5b080000 	C:\WINDOWS\System32\RPCRT4.dll
0x00007ffb5a7d0000 - 0x00007ffb5a7d8000 	C:\WINDOWS\System32\PSAPI.DLL
0x00007ffb501b0000 - 0x00007ffb501e3000 	C:\WINDOWS\SYSTEM32\WINMM.dll
0x00007ffb38900000 - 0x00007ffb38909000 	C:\WINDOWS\SYSTEM32\WSOCK32.dll
0x00007ffb5b400000 - 0x00007ffb5b46f000 	C:\WINDOWS\System32\WS2_32.dll
0x00007ffb4fd90000 - 0x00007ffb4fd9a000 	C:\WINDOWS\SYSTEM32\VERSION.dll
0x00007ffb57af0000 - 0x00007ffb57b08000 	C:\WINDOWS\SYSTEM32\kernel.appcore.dll
0x00007ffb509a0000 - 0x00007ffb509b1000 	C:\Program Files\Android\Android Studio\jre\bin\verify.dll
0x00007ffb56640000 - 0x00007ffb56861000 	C:\WINDOWS\SYSTEM32\DBGHELP.DLL
0x00007ffb41880000 - 0x00007ffb418b1000 	C:\WINDOWS\SYSTEM32\dbgcore.DLL
0x00007ffb59280000 - 0x00007ffb592ff000 	C:\WINDOWS\System32\bcryptPrimitives.dll
0x00007ffb503f0000 - 0x00007ffb50419000 	C:\Program Files\Android\Android Studio\jre\bin\java.dll
0x00007ffb544a0000 - 0x00007ffb544ab000 	C:\Program Files\Android\Android Studio\jre\bin\jimage.dll
0x00007ffb507e0000 - 0x00007ffb507f8000 	C:\Program Files\Android\Android Studio\jre\bin\zip.dll
0x00007ffb59420000 - 0x00007ffb59bd8000 	C:\WINDOWS\System32\SHELL32.dll
0x00007ffb56b60000 - 0x00007ffb573c5000 	C:\WINDOWS\SYSTEM32\windows.storage.dll
0x00007ffb5b080000 - 0x00007ffb5b3f8000 	C:\WINDOWS\System32\combase.dll
0x00007ffb569f0000 - 0x00007ffb56b56000 	C:\WINDOWS\SYSTEM32\wintypes.dll
0x00007ffb5a6b0000 - 0x00007ffb5a79a000 	C:\WINDOWS\System32\SHCORE.dll
0x00007ffb5a530000 - 0x00007ffb5a58d000 	C:\WINDOWS\System32\shlwapi.dll
0x00007ffb589a0000 - 0x00007ffb589c1000 	C:\WINDOWS\SYSTEM32\profapi.dll
0x00007ffb49b20000 - 0x00007ffb49b3a000 	C:\Program Files\Android\Android Studio\jre\bin\net.dll
0x00007ffb4dc80000 - 0x00007ffb4dd94000 	C:\WINDOWS\SYSTEM32\WINHTTP.dll
0x00007ffb57f90000 - 0x00007ffb57ff7000 	C:\WINDOWS\system32\mswsock.dll
0x00007ffb49b00000 - 0x00007ffb49b14000 	C:\Program Files\Android\Android Studio\jre\bin\nio.dll
0x00007ffb48670000 - 0x00007ffb48697000 	C:\Users\dudin\Documents\GitHub\MonsterINC\native\e1d6ef7f7dcc3fd88c89a11ec53ec762bb8ba0a96d01ffa2cd45eb1d1d8dd5c5\windows-amd64\native-platform.dll
0x00007ffb26e00000 - 0x00007ffb26f44000 	C:\Users\dudin\Documents\GitHub\MonsterINC\native\0d407fdbe67a94daf76414ababcb853783967236a71b16ec16e742cd7a986fd3\windows-amd64\native-platform-file-events.dll
0x00007ffb51a30000 - 0x00007ffb51a3a000 	C:\Program Files\Android\Android Studio\jre\bin\management.dll
0x00007ffb50f50000 - 0x00007ffb50f5d000 	C:\Program Files\Android\Android Studio\jre\bin\management_ext.dll
0x00007ffb581d0000 - 0x00007ffb581e8000 	C:\WINDOWS\SYSTEM32\CRYPTSP.dll
0x00007ffb57a50000 - 0x00007ffb57a85000 	C:\WINDOWS\system32\rsaenh.dll
0x00007ffb58080000 - 0x00007ffb580a9000 	C:\WINDOWS\SYSTEM32\USERENV.dll
0x00007ffb58360000 - 0x00007ffb58387000 	C:\WINDOWS\SYSTEM32\bcrypt.dll
0x00007ffb581f0000 - 0x00007ffb581fc000 	C:\WINDOWS\SYSTEM32\CRYPTBASE.dll
0x00007ffb57620000 - 0x00007ffb5764d000 	C:\WINDOWS\SYSTEM32\IPHLPAPI.DLL
0x00007ffb5b470000 - 0x00007ffb5b479000 	C:\WINDOWS\System32\NSI.dll
0x00007ffb4dc60000 - 0x00007ffb4dc79000 	C:\WINDOWS\SYSTEM32\dhcpcsvc6.DLL
0x00007ffb4ff80000 - 0x00007ffb4ff9e000 	C:\WINDOWS\SYSTEM32\dhcpcsvc.DLL
0x00007ffb57650000 - 0x00007ffb57738000 	C:\WINDOWS\SYSTEM32\DNSAPI.dll

dbghelp: loaded successfully - version: 4.0.5 - missing functions: none
symbol engine: initialized successfully - sym options: 0x614 - pdb path: .;C:\Program Files\Android\Android Studio\jre\bin;C:\WINDOWS\SYSTEM32;C:\WINDOWS\WinSxS\amd64_microsoft.windows.common-controls_6595b64144ccf1df_6.0.22000.120_none_9d947278b86cc467;C:\Program Files\Android\Android Studio\jre\bin\server;C:\Users\dudin\Documents\GitHub\MonsterINC\native\e1d6ef7f7dcc3fd88c89a11ec53ec762bb8ba0a96d01ffa2cd45eb1d1d8dd5c5\windows-amd64;C:\Users\dudin\Documents\GitHub\MonsterINC\native\0d407fdbe67a94daf76414ababcb853783967236a71b16ec16e742cd7a986fd3\windows-amd64

VM Arguments:
jvm_args: --add-opens=java.base/java.util=ALL-UNNAMED --add-opens=java.base/java.lang=ALL-UNNAMED --add-opens=java.base/java.lang.invoke=ALL-UNNAMED --add-opens=java.base/java.util=ALL-UNNAMED --add-opens=java.prefs/java.util.prefs=ALL-UNNAMED --add-opens=java.prefs/java.util.prefs=ALL-UNNAMED --add-opens=java.base/java.nio.charset=ALL-UNNAMED --add-opens=java.base/java.net=ALL-UNNAMED --add-opens=java.base/java.util.concurrent.atomic=ALL-UNNAMED -Xmx2048m -Dfile.encoding=UTF-8 -Duser.country=BR -Duser.language=pt -Duser.variant 
java_command: org.gradle.launcher.daemon.bootstrap.GradleDaemon 7.4
java_class_path (initial): C:\Users\dudin\Documents\GitHub\MonsterINC\wrapper\dists\gradle-7.4-bin\c0gwcg53nkjbqw7r0h0umtfvt\gradle-7.4\lib\gradle-launcher-7.4.jar
Launcher Type: SUN_STANDARD

[Global flags]
     intx CICompilerCount                          = 3                                         {product} {ergonomic}
     uint ConcGCThreads                            = 1                                         {product} {ergonomic}
     uint G1ConcRefinementThreads                  = 4                                         {product} {ergonomic}
   size_t G1HeapRegionSize                         = 1048576                                   {product} {ergonomic}
    uintx GCDrainStackTargetSize                   = 64                                        {product} {ergonomic}
   size_t InitialHeapSize                          = 100663296                                 {product} {ergonomic}
   size_t MarkStackSize                            = 4194304                                   {product} {ergonomic}
   size_t MaxHeapSize                              = 2147483648                                {product} {command line}
   size_t MaxNewSize                               = 1287651328                                {product} {ergonomic}
   size_t MinHeapDeltaBytes                        = 1048576                                   {product} {ergonomic}
    uintx NonNMethodCodeHeapSize                   = 5830732                                {pd product} {ergonomic}
    uintx NonProfiledCodeHeapSize                  = 122913754                              {pd product} {ergonomic}
    uintx ProfiledCodeHeapSize                     = 122913754                              {pd product} {ergonomic}
    uintx ReservedCodeCacheSize                    = 251658240                              {pd product} {ergonomic}
     bool SegmentedCodeCache                       = true                                      {product} {ergonomic}
     bool UseCompressedClassPointers               = true                                 {lp64_product} {ergonomic}
     bool UseCompressedOops                        = true                                 {lp64_product} {ergonomic}
     bool UseG1GC                                  = true                                      {product} {ergonomic}
     bool UseLargePagesIndividualAllocation        = false                                  {pd product} {ergonomic}

Logging:
Log output configuration:
 #0: stdout all=warning uptime,level,tags
 #1: stderr all=off uptime,level,tags

Environment Variables:
PATH=C:\WINDOWS\system32;C:\WINDOWS;C:\WINDOWS\System32\Wbem;C:\WINDOWS\System32\WindowsPowerShell\v1.0\;C:\WINDOWS\System32\OpenSSH\;C:\Program Files\dotnet\;C:\Program Files\Microsoft SQL Server\130\Tools\Binn\;C:\Program Files\Microsoft SQL Server\Client SDK\ODBC\170\Tools\Binn\;C:\Program Files (x86)\Microsoft SQL Server\150\Tools\Binn\;C:\Program Files\Microsoft SQL Server\150\Tools\Binn\;C:\Program Files\Microsoft SQL Server\150\DTS\Binn\;C:\Program Files (x86)\Microsoft SQL Server\150\DTS\Binn\;C:\Program Files\Azure Data Studio\bin;C:\Program Files\MySQL\MySQL Shell 8.0\bin\;C:\Users\dudin\AppData\Local\Microsoft\WindowsApps;C:\Users\dudin\.dotnet\tools;C:\Program Files\Azure Data Studio\bin;C:\Users\dudin\AppData\Local\Programs\Microsoft VS Code\bin;C:\Users\dudin\AppData\Local\GitHubDesktop\bin
USERNAME=dudin
OS=Windows_NT
PROCESSOR_IDENTIFIER=AMD64 Family 23 Model 24 Stepping 1, AuthenticAMD



---------------  S Y S T E M  ---------------

OS: Windows 11 , 64 bit Build 22000 (10.0.22000.1219)
OS uptime: 1 days 23:53 hours

CPU:total 4 (initial active 4) (4 cores per cpu, 2 threads per core) family 23 model 24 stepping 1 microcode 0x0, cmov, cx8, fxsr, mmx, sse, sse2, sse3, ssse3, sse4.1, sse4.2, popcnt, avx, avx2, aes, clmul, mmxext, 3dnowpref, lzcnt, sse4a, ht, tsc, tscinvbit, tscinv, bmi1, bmi2, adx, sha, fma

Memory: 4k page, system-wide physical 6020M (395M free)
TotalPageFile size 10020M (AvailPageFile size 10M)
current process WorkingSet (physical memory assigned to process): 447M, peak: 455M
current process commit charge ("private bytes"): 474M, peak: 483M

vm_info: OpenJDK 64-Bit Server VM (11.0.13+0-b1751.21-8125866) for windows-amd64 JRE (11.0.13+0-b1751.21-8125866), built on Feb  2 2022 03:00:22 by "builder" with MS VC++ 14.0 (VS2015)

END.
