#
# There is insufficient memory for the Java Runtime Environment to continue.
# Native memory allocation (mmap) failed to map 35651584 bytes for Failed to commit area from 0x000000008a800000 to 0x000000008ca00000 of length 35651584.
# Possible reasons:
#   The system is out of physical RAM or swap space
#   The process is running with CompressedOops enabled, and the Java Heap may be blocking the growth of the native heap
# Possible solutions:
#   Reduce memory load on the system
#   Increase physical memory or swap space
#   Check if swap backing store is full
#   Decrease Java heap size (-Xmx/-Xms)
#   Decrease number of Java threads
#   Decrease Java thread stack sizes (-Xss)
#   Set larger code cache with -XX:ReservedCodeCacheSize=
#   JVM is running with Unscaled Compressed Oops mode in which the Java heap is
#     placed in the first 4GB address space. The Java Heap base address is the
#     maximum limit for the native heap growth. Please use -XX:HeapBaseMinAddress
#     to set the Java Heap base and to place the Java Heap above 4GB virtual address.
# This output file may be truncated or incomplete.
#
#  Out of Memory Error (./src/hotspot/os/windows/os_windows.cpp:3619), pid=23052, tid=15712
#
# JRE version: OpenJDK Runtime Environment (11.0.13) (build 11.0.13+0-b1751.21-8125866)
# Java VM: OpenJDK 64-Bit Server VM (11.0.13+0-b1751.21-8125866, mixed mode, tiered, compressed oops, g1 gc, windows-amd64)
# No core dump will be written. Minidumps are not enabled by default on client versions of Windows
#

---------------  S U M M A R Y ------------

Command Line: --add-opens=java.base/java.util=ALL-UNNAMED --add-opens=java.base/java.lang=ALL-UNNAMED --add-opens=java.base/java.lang.invoke=ALL-UNNAMED --add-opens=java.base/java.util=ALL-UNNAMED --add-opens=java.prefs/java.util.prefs=ALL-UNNAMED --add-opens=java.prefs/java.util.prefs=ALL-UNNAMED --add-opens=java.base/java.nio.charset=ALL-UNNAMED --add-opens=java.base/java.net=ALL-UNNAMED --add-opens=java.base/java.util.concurrent.atomic=ALL-UNNAMED -Xmx2048m -Dfile.encoding=UTF-8 -Duser.country=BR -Duser.language=pt -Duser.variant org.gradle.launcher.daemon.bootstrap.GradleDaemon 7.4

Host: AMD Ryzen 3 3200U with Radeon Vega Mobile Gfx  , 4 cores, 5G,  Windows 11 , 64 bit Build 22000 (10.0.22000.1219)
Time: Thu Dec  1 17:46:44 2022 Hora oficial do Brasil elapsed time: 18.931072 seconds (0d 0h 0m 18s)

---------------  T H R E A D  ---------------

Current thread (0x0000020c74c45800):  VMThread "VM Thread" [stack: 0x000000ea20400000,0x000000ea20500000] [id=15712]

Stack: [0x000000ea20400000,0x000000ea20500000]
[error occurred during error reporting (printing stack bounds), id 0xc0000005, EXCEPTION_ACCESS_VIOLATION (0xc0000005) at pc=0x0000020c5e3e112d]

Native frames: (J=compiled Java code, j=interpreted, Vv=VM code, C=native code)
V  [jvm.dll+0x6100fa]
V  [jvm.dll+0x747090]
V  [jvm.dll+0x7486ad]
V  [jvm.dll+0x748ce5]
V  [jvm.dll+0x748c9b]
V  [jvm.dll+0x60f224]
V  [jvm.dll+0x60f9b8]
C  [ntdll.dll+0xa8b1f]
C  [ntdll.dll+0x35b9a]
C  [ntdll.dll+0xa7b2e]
C  0x0000020c5e3e112d

VM_Operation (0x000000ea223fde30): G1CollectForAllocation, mode: safepoint, requested by thread 0x0000020c7ac40800


---------------  P R O C E S S  ---------------

Threads class SMR info:
_java_thread_list=0x0000020c7992a200, length=36, elements={
0x0000020c590f0800, 0x0000020c74c48000, 0x0000020c74c54000, 0x0000020c75602800,
0x0000020c74c68800, 0x0000020c74c69000, 0x0000020c74c6a000, 0x0000020c74c6b800,
0x0000020c74c9e000, 0x0000020c7573f000, 0x0000020c77c5b800, 0x0000020c7681a000,
0x0000020c767f4800, 0x0000020c77c6c000, 0x0000020c76d7b800, 0x0000020c76197800,
0x0000020c780f0800, 0x0000020c76542800, 0x0000020c762a0000, 0x0000020c75eb7800,
0x0000020c76455800, 0x0000020c76456000, 0x0000020c76457000, 0x0000020c76458000,
0x0000020c7ac3c800, 0x0000020c7ac40000, 0x0000020c7ac40800, 0x0000020c7ac3f000,
0x0000020c7ac3d800, 0x0000020c7ac3b000, 0x0000020c7ac41800, 0x0000020c7ac3b800,
0x0000020c7ac44000, 0x0000020c7ac42800, 0x0000020c76a3d800, 0x0000020c7ac43000
}

Java Threads: ( => current thread )
  0x0000020c590f0800 JavaThread "main" [_thread_blocked, id=26336, stack(0x000000ea1fe00000,0x000000ea1ff00000)]
  0x0000020c74c48000 JavaThread "Reference Handler" daemon [_thread_blocked, id=19828, stack(0x000000ea20500000,0x000000ea20600000)]
  0x0000020c74c54000 JavaThread "Finalizer" daemon [_thread_blocked, id=2180, stack(0x000000ea20600000,0x000000ea20700000)]
  0x0000020c75602800 JavaThread "Signal Dispatcher" daemon [_thread_blocked, id=23312, stack(0x000000ea20700000,0x000000ea20800000)]
  0x0000020c74c68800 JavaThread "Attach Listener" daemon [_thread_blocked, id=5308, stack(0x000000ea20800000,0x000000ea20900000)]
  0x0000020c74c69000 JavaThread "Service Thread" daemon [_thread_blocked, id=1940, stack(0x000000ea20900000,0x000000ea20a00000)]
  0x0000020c74c6a000 JavaThread "C2 CompilerThread0" daemon [_thread_in_native, id=22660, stack(0x000000ea20a00000,0x000000ea20b00000)]
  0x0000020c74c6b800 JavaThread "C1 CompilerThread0" daemon [_thread_blocked, id=2544, stack(0x000000ea20b00000,0x000000ea20c00000)]
  0x0000020c74c9e000 JavaThread "Sweeper thread" daemon [_thread_blocked, id=26164, stack(0x000000ea20c00000,0x000000ea20d00000)]
  0x0000020c7573f000 JavaThread "Common-Cleaner" daemon [_thread_blocked, id=28280, stack(0x000000ea20d00000,0x000000ea20e00000)]
  0x0000020c77c5b800 JavaThread "Daemon health stats" [_thread_blocked, id=5356, stack(0x000000ea21100000,0x000000ea21200000)]
  0x0000020c7681a000 JavaThread "Incoming local TCP Connector on port 59308" [_thread_in_native, id=23252, stack(0x000000ea21300000,0x000000ea21400000)]
  0x0000020c767f4800 JavaThread "Daemon" [_thread_blocked, id=22508, stack(0x000000ea21400000,0x000000ea21500000)]
  0x0000020c77c6c000 JavaThread "Daemon periodic checks" [_thread_blocked, id=3728, stack(0x000000ea21500000,0x000000ea21600000)]
  0x0000020c76d7b800 JavaThread "Handler for socket connection from /127.0.0.1:59308 to /127.0.0.1:59309" [_thread_in_native, id=24844, stack(0x000000ea21600000,0x000000ea21700000)]
  0x0000020c76197800 JavaThread "Cancel handler" [_thread_blocked, id=8412, stack(0x000000ea21700000,0x000000ea21800000)]
  0x0000020c780f0800 JavaThread "Daemon worker" [_thread_blocked, id=7900, stack(0x000000ea21800000,0x000000ea21900000)]
  0x0000020c76542800 JavaThread "Asynchronous log dispatcher for DefaultDaemonConnection: socket connection from /127.0.0.1:59308 to /127.0.0.1:59309" [_thread_blocked, id=26216, stack(0x000000ea21900000,0x000000ea21a00000)]
  0x0000020c762a0000 JavaThread "Stdin handler" [_thread_blocked, id=28512, stack(0x000000ea21a00000,0x000000ea21b00000)]
  0x0000020c75eb7800 JavaThread "Daemon client event forwarder" [_thread_blocked, id=10320, stack(0x000000ea21b00000,0x000000ea21c00000)]
  0x0000020c76455800 JavaThread "Cache worker for journal cache (C:\Users\dudin\Documents\GitHub\MonsterINC\caches\journal-1)" [_thread_blocked, id=24008, stack(0x000000ea21c00000,0x000000ea21d00000)]
  0x0000020c76456000 JavaThread "File lock request listener" [_thread_in_native, id=27324, stack(0x000000ea21d00000,0x000000ea21e00000)]
  0x0000020c76457000 JavaThread "Cache worker for file hash cache (C:\Users\dudin\Documents\GitHub\MonsterINC\caches\7.4\fileHashes)" [_thread_blocked, id=13628, stack(0x000000ea21e00000,0x000000ea21f00000)]
  0x0000020c76458000 JavaThread "File watcher server" daemon [_thread_in_native, id=10436, stack(0x000000ea22000000,0x000000ea22100000)]
  0x0000020c7ac3c800 JavaThread "File watcher consumer" daemon [_thread_blocked, id=2336, stack(0x000000ea22100000,0x000000ea22200000)]
  0x0000020c7ac40000 JavaThread "jar transforms" [_thread_blocked, id=28520, stack(0x000000ea22200000,0x000000ea22300000)]
  0x0000020c7ac40800 JavaThread "jar transforms Thread 2" [_thread_blocked, id=25580, stack(0x000000ea22300000,0x000000ea22400000)]
  0x0000020c7ac3f000 JavaThread "jar transforms Thread 3" [_thread_blocked, id=20504, stack(0x000000ea22400000,0x000000ea22500000)]
  0x0000020c7ac3d800 JavaThread "jar transforms Thread 4" [_thread_blocked, id=22636, stack(0x000000ea22500000,0x000000ea22600000)]
  0x0000020c7ac3b000 JavaThread "Cache worker for checksums cache (C:\Users\dudin\Documents\GitHub\AppHarry\.gradle\7.4\checksums)" [_thread_blocked, id=11896, stack(0x000000ea21f00000,0x000000ea22000000)]
  0x0000020c7ac41800 JavaThread "Cache worker for cache directory md-rule (C:\Users\dudin\Documents\GitHub\MonsterINC\caches\7.4\md-rule)" [_thread_blocked, id=27620, stack(0x000000ea22600000,0x000000ea22700000)]
  0x0000020c7ac3b800 JavaThread "Cache worker for file hash cache (C:\Users\dudin\Documents\GitHub\AppHarry\.gradle\7.4\fileHashes)" [_thread_blocked, id=20468, stack(0x000000ea22700000,0x000000ea22800000)]
  0x0000020c7ac44000 JavaThread "Cache worker for cache directory md-supplier (C:\Users\dudin\Documents\GitHub\MonsterINC\caches\7.4\md-supplier)" [_thread_blocked, id=23556, stack(0x000000ea22800000,0x000000ea22900000)]
  0x0000020c7ac42800 JavaThread "Cache worker for execution history cache (C:\Users\dudin\Documents\GitHub\MonsterINC\caches\7.4\executionHistory)" [_thread_blocked, id=6844, stack(0x000000ea22900000,0x000000ea22a00000)]
  0x0000020c76a3d800 JavaThread "C2 CompilerThread1" daemon [_thread_in_native, id=19348, stack(0x000000ea22a00000,0x000000ea22b00000)]
  0x0000020c7ac43000 JavaThread "Cache worker for file content cache (C:\Users\dudin\Documents\GitHub\MonsterINC\caches\7.4\fileContent)" [_thread_blocked, id=27880, stack(0x000000ea22b00000,0x000000ea22c00000)]

Other Threads:
=>0x0000020c74c45800 VMThread "VM Thread" [stack: 0x000000ea20400000,0x000000ea20500000] [id=15712]
  0x0000020c75772800 WatcherThread [stack: 0x000000ea20e00000,0x000000ea20f00000] [id=27896]
  0x0000020c59108800 GCTaskThread "GC Thread#0" [stack: 0x000000ea1ff00000,0x000000ea20000000] [id=1132]
  0x0000020c75f5a000 GCTaskThread "GC Thread#1" [stack: 0x000000ea21000000,0x000000ea21100000] [id=27220]
  0x0000020c77a8e000 GCTaskThread "GC Thread#2" [stack: 0x000000ea20f00000,0x000000ea21000000] [id=10688]
  0x0000020c770bc800 GCTaskThread "GC Thread#3" [stack: 0x000000ea21200000,0x000000ea21300000] [id=19056]
  0x0000020c59139800 ConcurrentGCThread "G1 Main Marker" [stack: 0x000000ea20000000,0x000000ea20100000] [id=26596]
  0x0000020c5913b800 ConcurrentGCThread "G1 Conc#0" [stack: 0x000000ea20100000,0x000000ea20200000] [id=26744]
  0x0000020c591b1800 ConcurrentGCThread "G1 Refine#0" [stack: 0x000000ea20200000,0x000000ea20300000] [id=24832]
  0x0000020c591b4800 ConcurrentGCThread "G1 Young RemSet Sampling" [stack: 0x000000ea20300000,0x000000ea20400000] [id=24652]

Threads with active compile tasks:
C2 CompilerThread0  18954 4401       4       org.objectweb.asm.ClassReader::accept (1412 bytes)
C2 CompilerThread1  18955 4400       4       org.objectweb.asm.ClassReader::readCode (5109 bytes)

VM state:at safepoint (normal execution)

VM Mutex/Monitor currently owned by a thread:  ([mutex/lock_event])
[0x0000020c590ecbb0] Threads_lock - owner thread: 0x0000020c74c45800
[0x0000020c590ec460] Heap_lock - owner thread: 0x0000020c7ac40800

Heap address: 0x0000000080000000, size: 2048 MB, Compressed Oops mode: 32-bit
Narrow klass base: 0x0000000000000000, Narrow klass shift: 3
Compressed class space size: 1073741824 Address: 0x0000000100000000

Heap:
 garbage-first heap   total 206848K, used 71087K [0x0000000080000000, 0x0000000100000000)
  region size 1024K, 6 young (6144K), 6 survivors (6144K)
 Metaspace       used 44317K, capacity 45402K, committed 45512K, reserved 1089536K
  class space    used 5603K, capacity 5995K, committed 6016K, reserved 1048576K
Heap Regions: E=young(eden), S=young(survivor), O=old, HS=humongous(starts), HC=humongous(continues), CS=collection set, F=free, A=archive, TAMS=top-at-mark-start (previous, next)
|   0|0x0000000080000000, 0x0000000080100000, 0x0000000080100000|100%|HS|  |TAMS 0x0000000080100000, 0x0000000080000000| Complete 
|   1|0x0000000080100000, 0x0000000080200000, 0x0000000080200000|100%|HC|  |TAMS 0x0000000080200000, 0x0000000080100000| Complete 
|   2|0x0000000080200000, 0x0000000080300000, 0x0000000080300000|100%|HC|  |TAMS 0x0000000080300000, 0x0000000080200000| Complete 
|   3|0x0000000080300000, 0x0000000080400000, 0x0000000080400000|100%| O|  |TAMS 0x0000000080400000, 0x0000000080300000| Untracked 
|   4|0x0000000080400000, 0x0000000080500000, 0x0000000080500000|100%| O|  |TAMS 0x0000000080500000, 0x0000000080400000| Untracked 
|   5|0x0000000080500000, 0x0000000080600000, 0x0000000080600000|100%| O|  |TAMS 0x0000000080600000, 0x0000000080500000| Untracked 
|   6|0x0000000080600000, 0x0000000080700000, 0x0000000080700000|100%| O|  |TAMS 0x0000000080700000, 0x0000000080600000| Untracked 
|   7|0x0000000080700000, 0x0000000080800000, 0x0000000080800000|100%| O|  |TAMS 0x0000000080800000, 0x0000000080700000| Untracked 
|   8|0x0000000080800000, 0x0000000080900000, 0x0000000080900000|100%| O|  |TAMS 0x0000000080900000, 0x0000000080800000| Untracked 
|   9|0x0000000080900000, 0x0000000080a00000, 0x0000000080a00000|100%| O|  |TAMS 0x0000000080a00000, 0x0000000080900000| Untracked 
|  10|0x0000000080a00000, 0x0000000080b00000, 0x0000000080b00000|100%| O|  |TAMS 0x0000000080b00000, 0x0000000080a00000| Untracked 
|  11|0x0000000080b00000, 0x0000000080c00000, 0x0000000080c00000|100%| O|  |TAMS 0x0000000080c00000, 0x0000000080b00000| Untracked 
|  12|0x0000000080c00000, 0x0000000080d00000, 0x0000000080d00000|100%| O|  |TAMS 0x0000000080d00000, 0x0000000080c00000| Untracked 
|  13|0x0000000080d00000, 0x0000000080e00000, 0x0000000080e00000|100%| O|  |TAMS 0x0000000080e00000, 0x0000000080d00000| Untracked 
|  14|0x0000000080e00000, 0x0000000080f00000, 0x0000000080f00000|100%| O|  |TAMS 0x0000000080f00000, 0x0000000080e00000| Untracked 
|  15|0x0000000080f00000, 0x0000000081000000, 0x0000000081000000|100%| O|  |TAMS 0x0000000081000000, 0x0000000080f00000| Untracked 
|  16|0x0000000081000000, 0x0000000081100000, 0x0000000081100000|100%|HS|  |TAMS 0x0000000081100000, 0x0000000081000000| Complete 
|  17|0x0000000081100000, 0x0000000081200000, 0x0000000081200000|100%|HC|  |TAMS 0x0000000081200000, 0x0000000081100000| Complete 
|  18|0x0000000081200000, 0x0000000081300000, 0x0000000081300000|100%|HS|  |TAMS 0x0000000081300000, 0x0000000081200000| Complete 
|  19|0x0000000081300000, 0x0000000081400000, 0x0000000081400000|100%|HC|  |TAMS 0x0000000081400000, 0x0000000081300000| Complete 
|  20|0x0000000081400000, 0x0000000081500000, 0x0000000081500000|100%|HC|  |TAMS 0x0000000081500000, 0x0000000081400000| Complete 
|  21|0x0000000081500000, 0x0000000081600000, 0x0000000081600000|100%|HS|  |TAMS 0x0000000081600000, 0x0000000081500000| Complete 
|  22|0x0000000081600000, 0x0000000081700000, 0x0000000081700000|100%|HC|  |TAMS 0x0000000081700000, 0x0000000081600000| Complete 
|  23|0x0000000081700000, 0x0000000081800000, 0x0000000081800000|100%|HC|  |TAMS 0x0000000081800000, 0x0000000081700000| Complete 
|  24|0x0000000081800000, 0x0000000081900000, 0x0000000081900000|100%|HS|  |TAMS 0x0000000081900000, 0x0000000081800000| Complete 
|  25|0x0000000081900000, 0x0000000081a00000, 0x0000000081a00000|100%|HC|  |TAMS 0x0000000081a00000, 0x0000000081900000| Complete 
|  26|0x0000000081a00000, 0x0000000081b00000, 0x0000000081b00000|100%|HC|  |TAMS 0x0000000081b00000, 0x0000000081a00000| Complete 
|  27|0x0000000081b00000, 0x0000000081c00000, 0x0000000081c00000|100%|HC|  |TAMS 0x0000000081c00000, 0x0000000081b00000| Complete 
|  28|0x0000000081c00000, 0x0000000081d00000, 0x0000000081d00000|100%|HS|  |TAMS 0x0000000081d00000, 0x0000000081c00000| Complete 
|  29|0x0000000081d00000, 0x0000000081e00000, 0x0000000081e00000|100%|HC|  |TAMS 0x0000000081e00000, 0x0000000081d00000| Complete 
|  30|0x0000000081e00000, 0x0000000081f00000, 0x0000000081f00000|100%|HC|  |TAMS 0x0000000081f00000, 0x0000000081e00000| Complete 
|  31|0x0000000081f00000, 0x0000000082000000, 0x0000000082000000|100%|HC|  |TAMS 0x0000000082000000, 0x0000000081f00000| Complete 
|  32|0x0000000082000000, 0x0000000082100000, 0x0000000082100000|100%|HC|  |TAMS 0x0000000082100000, 0x0000000082000000| Complete 
|  33|0x0000000082100000, 0x0000000082200000, 0x0000000082200000|100%|HS|  |TAMS 0x0000000082200000, 0x0000000082100000| Complete 
|  34|0x0000000082200000, 0x0000000082300000, 0x0000000082300000|100%| O|  |TAMS 0x0000000082300000, 0x0000000082200000| Untracked 
|  35|0x0000000082300000, 0x0000000082400000, 0x0000000082400000|100%| O|  |TAMS 0x0000000082400000, 0x0000000082300000| Untracked 
|  36|0x0000000082400000, 0x0000000082500000, 0x0000000082500000|100%| O|  |TAMS 0x0000000082500000, 0x0000000082400000| Untracked 
|  37|0x0000000082500000, 0x0000000082600000, 0x0000000082600000|100%| O|  |TAMS 0x0000000082600000, 0x0000000082500000| Untracked 
|  38|0x0000000082600000, 0x0000000082700000, 0x0000000082700000|100%| O|  |TAMS 0x0000000082700000, 0x0000000082600000| Untracked 
|  39|0x0000000082700000, 0x0000000082800000, 0x0000000082800000|100%| O|  |TAMS 0x0000000082800000, 0x0000000082700000| Untracked 
|  40|0x0000000082800000, 0x0000000082900000, 0x0000000082900000|100%| O|  |TAMS 0x0000000082900000, 0x0000000082800000| Untracked 
|  41|0x0000000082900000, 0x0000000082a00000, 0x0000000082a00000|100%| O|  |TAMS 0x0000000082a00000, 0x0000000082900000| Untracked 
|  42|0x0000000082a00000, 0x0000000082b00000, 0x0000000082b00000|100%| O|  |TAMS 0x0000000082b00000, 0x0000000082a00000| Untracked 
|  43|0x0000000082b00000, 0x0000000082c00000, 0x0000000082c00000|100%| O|  |TAMS 0x0000000082c00000, 0x0000000082b00000| Untracked 
|  44|0x0000000082c00000, 0x0000000082d00000, 0x0000000082d00000|100%| O|  |TAMS 0x0000000082d00000, 0x0000000082c00000| Untracked 
|  45|0x0000000082d00000, 0x0000000082e00000, 0x0000000082e00000|100%| O|  |TAMS 0x0000000082e00000, 0x0000000082d00000| Untracked 
|  46|0x0000000082e00000, 0x0000000082f00000, 0x0000000082f00000|100%| O|  |TAMS 0x0000000082f00000, 0x0000000082e00000| Untracked 
|  47|0x0000000082f00000, 0x0000000083000000, 0x0000000083000000|100%| O|  |TAMS 0x0000000083000000, 0x0000000082f00000| Untracked 
|  48|0x0000000083000000, 0x0000000083100000, 0x0000000083100000|100%| O|  |TAMS 0x0000000083100000, 0x0000000083000000| Untracked 
|  49|0x0000000083100000, 0x0000000083200000, 0x0000000083200000|100%| O|  |TAMS 0x0000000083200000, 0x0000000083100000| Untracked 
|  50|0x0000000083200000, 0x0000000083300000, 0x0000000083300000|100%|HS|  |TAMS 0x0000000083300000, 0x0000000083200000| Complete 
|  51|0x0000000083300000, 0x0000000083400000, 0x0000000083400000|100%|HC|  |TAMS 0x0000000083400000, 0x0000000083300000| Complete 
|  52|0x0000000083400000, 0x0000000083500000, 0x0000000083500000|100%|HC|  |TAMS 0x0000000083500000, 0x0000000083400000| Complete 
|  53|0x0000000083500000, 0x0000000083600000, 0x0000000083600000|100%|HS|  |TAMS 0x0000000083600000, 0x0000000083500000| Complete 
|  54|0x0000000083600000, 0x0000000083700000, 0x0000000083700000|100%|HC|  |TAMS 0x0000000083700000, 0x0000000083600000| Complete 
|  55|0x0000000083700000, 0x0000000083800000, 0x0000000083800000|100%|HC|  |TAMS 0x0000000083800000, 0x0000000083700000| Complete 
|  56|0x0000000083800000, 0x0000000083900000, 0x0000000083900000|100%|HC|  |TAMS 0x0000000083900000, 0x0000000083800000| Complete 
|  57|0x0000000083900000, 0x0000000083a00000, 0x0000000083a00000|100%|HS|  |TAMS 0x0000000083a00000, 0x0000000083900000| Complete 
|  58|0x0000000083a00000, 0x0000000083b00000, 0x0000000083b00000|100%|HC|  |TAMS 0x0000000083b00000, 0x0000000083a00000| Complete 
|  59|0x0000000083b00000, 0x0000000083c00000, 0x0000000083c00000|100%|HC|  |TAMS 0x0000000083c00000, 0x0000000083b00000| Complete 
|  60|0x0000000083c00000, 0x0000000083d00000, 0x0000000083d00000|100%|HS|  |TAMS 0x0000000083d00000, 0x0000000083c00000| Complete 
|  61|0x0000000083d00000, 0x0000000083e00000, 0x0000000083e00000|100%| O|  |TAMS 0x0000000083e00000, 0x0000000083d00000| Untracked 
|  62|0x0000000083e00000, 0x0000000083f00000, 0x0000000083f00000|100%| O|  |TAMS 0x0000000083f00000, 0x0000000083e00000| Untracked 
|  63|0x0000000083f00000, 0x0000000083fb3c00, 0x0000000084000000| 70%| O|  |TAMS 0x0000000083fb3c00, 0x0000000083f00000| Untracked 
|  64|0x0000000084000000, 0x0000000084000000, 0x0000000084100000|  0%| F|  |TAMS 0x0000000084000000, 0x0000000084000000| Untracked 
|  65|0x0000000084100000, 0x0000000084100000, 0x0000000084200000|  0%| F|  |TAMS 0x0000000084100000, 0x0000000084100000| Untracked 
|  66|0x0000000084200000, 0x0000000084200000, 0x0000000084300000|  0%| F|  |TAMS 0x0000000084200000, 0x0000000084200000| Untracked 
|  67|0x0000000084300000, 0x0000000084300000, 0x0000000084400000|  0%| F|  |TAMS 0x0000000084300000, 0x0000000084300000| Untracked 
|  68|0x0000000084400000, 0x0000000084400000, 0x0000000084500000|  0%| F|  |TAMS 0x0000000084400000, 0x0000000084400000| Untracked 
|  69|0x0000000084500000, 0x0000000084500000, 0x0000000084600000|  0%| F|  |TAMS 0x0000000084500000, 0x0000000084500000| Untracked 
|  70|0x0000000084600000, 0x0000000084600000, 0x0000000084700000|  0%| F|  |TAMS 0x0000000084600000, 0x0000000084600000| Untracked 
|  71|0x0000000084700000, 0x0000000084700000, 0x0000000084800000|  0%| F|  |TAMS 0x0000000084700000, 0x0000000084700000| Untracked 
|  72|0x0000000084800000, 0x0000000084800000, 0x0000000084900000|  0%| F|  |TAMS 0x0000000084800000, 0x0000000084800000| Untracked 
|  73|0x0000000084900000, 0x0000000084900000, 0x0000000084a00000|  0%| F|  |TAMS 0x0000000084900000, 0x0000000084900000| Untracked 
|  74|0x0000000084a00000, 0x0000000084a00000, 0x0000000084b00000|  0%| F|  |TAMS 0x0000000084a00000, 0x0000000084a00000| Untracked 
|  75|0x0000000084b00000, 0x0000000084b00000, 0x0000000084c00000|  0%| F|  |TAMS 0x0000000084b00000, 0x0000000084b00000| Untracked 
|  76|0x0000000084c00000, 0x0000000084c00000, 0x0000000084d00000|  0%| F|  |TAMS 0x0000000084c00000, 0x0000000084c00000| Untracked 
|  77|0x0000000084d00000, 0x0000000084d00000, 0x0000000084e00000|  0%| F|  |TAMS 0x0000000084d00000, 0x0000000084d00000| Untracked 
|  78|0x0000000084e00000, 0x0000000084e00000, 0x0000000084f00000|  0%| F|  |TAMS 0x0000000084e00000, 0x0000000084e00000| Untracked 
|  79|0x0000000084f00000, 0x0000000084f00000, 0x0000000085000000|  0%| F|  |TAMS 0x0000000084f00000, 0x0000000084f00000| Untracked 
|  80|0x0000000085000000, 0x0000000085000000, 0x0000000085100000|  0%| F|  |TAMS 0x0000000085000000, 0x0000000085000000| Untracked 
|  81|0x0000000085100000, 0x0000000085100000, 0x0000000085200000|  0%| F|  |TAMS 0x0000000085100000, 0x0000000085100000| Untracked 
|  82|0x0000000085200000, 0x0000000085200000, 0x0000000085300000|  0%| F|  |TAMS 0x0000000085200000, 0x0000000085200000| Untracked 
|  83|0x0000000085300000, 0x0000000085300000, 0x0000000085400000|  0%| F|  |TAMS 0x0000000085300000, 0x0000000085300000| Untracked 
|  84|0x0000000085400000, 0x0000000085400000, 0x0000000085500000|  0%| F|  |TAMS 0x0000000085400000, 0x0000000085400000| Untracked 
|  85|0x0000000085500000, 0x0000000085500000, 0x0000000085600000|  0%| F|  |TAMS 0x0000000085500000, 0x0000000085500000| Untracked 
|  86|0x0000000085600000, 0x00000000856b81b8, 0x0000000085700000| 71%| S|CS|TAMS 0x0000000085600000, 0x0000000085600000| Complete 
|  87|0x0000000085700000, 0x0000000085800000, 0x0000000085800000|100%| S|CS|TAMS 0x0000000085700000, 0x0000000085700000| Complete 
|  88|0x0000000085800000, 0x0000000085800000, 0x0000000085900000|  0%| F|  |TAMS 0x0000000085800000, 0x0000000085800000| Untracked 
|  89|0x0000000085900000, 0x0000000085900000, 0x0000000085a00000|  0%| F|  |TAMS 0x0000000085900000, 0x0000000085900000| Untracked 
|  90|0x0000000085a00000, 0x0000000085a00000, 0x0000000085b00000|  0%| F|  |TAMS 0x0000000085a00000, 0x0000000085a00000| Untracked 
|  91|0x0000000085b00000, 0x0000000085b00000, 0x0000000085c00000|  0%| F|  |TAMS 0x0000000085b00000, 0x0000000085b00000| Untracked 
|  92|0x0000000085c00000, 0x0000000085c00000, 0x0000000085d00000|  0%| F|  |TAMS 0x0000000085c00000, 0x0000000085c00000| Untracked 
|  93|0x0000000085d00000, 0x0000000085d00000, 0x0000000085e00000|  0%| F|  |TAMS 0x0000000085d00000, 0x0000000085d00000| Untracked 
|  94|0x0000000085e00000, 0x0000000085f00000, 0x0000000085f00000|100%| S|CS|TAMS 0x0000000085e00000, 0x0000000085e00000| Complete 
|  95|0x0000000085f00000, 0x0000000086000000, 0x0000000086000000|100%| S|CS|TAMS 0x0000000085f00000, 0x0000000085f00000| Complete 
|  96|0x0000000086000000, 0x0000000086100000, 0x0000000086100000|100%| S|CS|TAMS 0x0000000086000000, 0x0000000086000000| Complete 
|  97|0x0000000086100000, 0x0000000086200000, 0x0000000086200000|100%| S|CS|TAMS 0x0000000086100000, 0x0000000086100000| Complete 
|  98|0x0000000086200000, 0x0000000086200000, 0x0000000086300000|  0%| F|  |TAMS 0x0000000086200000, 0x0000000086200000| Untracked 
|  99|0x0000000086300000, 0x0000000086300000, 0x0000000086400000|  0%| F|  |TAMS 0x0000000086300000, 0x0000000086300000| Untracked 
| 100|0x0000000086400000, 0x0000000086400000, 0x0000000086500000|  0%| F|  |TAMS 0x0000000086400000, 0x0000000086400000| Untracked 
| 101|0x0000000086500000, 0x0000000086500000, 0x0000000086600000|  0%| F|  |TAMS 0x0000000086500000, 0x0000000086500000| Untracked 
| 102|0x0000000086600000, 0x0000000086600000, 0x0000000086700000|  0%| F|  |TAMS 0x0000000086600000, 0x0000000086600000| Untracked 
| 103|0x0000000086700000, 0x0000000086700000, 0x0000000086800000|  0%| F|  |TAMS 0x0000000086700000, 0x0000000086700000| Untracked 
| 104|0x0000000086800000, 0x0000000086800000, 0x0000000086900000|  0%| F|  |TAMS 0x0000000086800000, 0x0000000086800000| Untracked 
| 105|0x0000000086900000, 0x0000000086900000, 0x0000000086a00000|  0%| F|  |TAMS 0x0000000086900000, 0x0000000086900000| Untracked 
| 106|0x0000000086a00000, 0x0000000086a00000, 0x0000000086b00000|  0%| F|  |TAMS 0x0000000086a00000, 0x0000000086a00000| Untracked 
| 107|0x0000000086b00000, 0x0000000086b00000, 0x0000000086c00000|  0%| F|  |TAMS 0x0000000086b00000, 0x0000000086b00000| Untracked 
| 108|0x0000000086c00000, 0x0000000086c00000, 0x0000000086d00000|  0%| F|  |TAMS 0x0000000086c00000, 0x0000000086c00000| Untracked 
| 109|0x0000000086d00000, 0x0000000086d00000, 0x0000000086e00000|  0%| F|  |TAMS 0x0000000086d00000, 0x0000000086d00000| Untracked 
| 110|0x0000000086e00000, 0x0000000086e00000, 0x0000000086f00000|  0%| F|  |TAMS 0x0000000086e00000, 0x0000000086e00000| Untracked 
| 111|0x0000000086f00000, 0x0000000086f00000, 0x0000000087000000|  0%| F|  |TAMS 0x0000000086f00000, 0x0000000086f00000| Untracked 
| 112|0x0000000087000000, 0x0000000087000000, 0x0000000087100000|  0%| F|  |TAMS 0x0000000087000000, 0x0000000087000000| Untracked 
| 113|0x0000000087100000, 0x0000000087100000, 0x0000000087200000|  0%| F|  |TAMS 0x0000000087100000, 0x0000000087100000| Untracked 
| 114|0x0000000087200000, 0x0000000087200000, 0x0000000087300000|  0%| F|  |TAMS 0x0000000087200000, 0x0000000087200000| Untracked 
| 115|0x0000000087300000, 0x0000000087300000, 0x0000000087400000|  0%| F|  |TAMS 0x0000000087300000, 0x0000000087300000| Untracked 
| 116|0x0000000087400000, 0x0000000087400000, 0x0000000087500000|  0%| F|  |TAMS 0x0000000087400000, 0x0000000087400000| Untracked 
| 117|0x0000000087500000, 0x0000000087500000, 0x0000000087600000|  0%| F|  |TAMS 0x0000000087500000, 0x0000000087500000| Untracked 
| 118|0x0000000087600000, 0x0000000087600000, 0x0000000087700000|  0%| F|  |TAMS 0x0000000087600000, 0x0000000087600000| Untracked 
| 119|0x0000000087700000, 0x0000000087700000, 0x0000000087800000|  0%| F|  |TAMS 0x0000000087700000, 0x0000000087700000| Untracked 
| 120|0x0000000087800000, 0x0000000087800000, 0x0000000087900000|  0%| F|  |TAMS 0x0000000087800000, 0x0000000087800000| Untracked 
| 121|0x0000000087900000, 0x0000000087900000, 0x0000000087a00000|  0%| F|  |TAMS 0x0000000087900000, 0x0000000087900000| Untracked 
| 122|0x0000000087a00000, 0x0000000087a00000, 0x0000000087b00000|  0%| F|  |TAMS 0x0000000087a00000, 0x0000000087a00000| Untracked 
| 123|0x0000000087b00000, 0x0000000087b00000, 0x0000000087c00000|  0%| F|  |TAMS 0x0000000087b00000, 0x0000000087b00000| Untracked 
| 124|0x0000000087c00000, 0x0000000087c00000, 0x0000000087d00000|  0%| F|  |TAMS 0x0000000087c00000, 0x0000000087c00000| Untracked 
| 125|0x0000000087d00000, 0x0000000087d00000, 0x0000000087e00000|  0%| F|  |TAMS 0x0000000087d00000, 0x0000000087d00000| Untracked 
| 126|0x0000000087e00000, 0x0000000087e00000, 0x0000000087f00000|  0%| F|  |TAMS 0x0000000087e00000, 0x0000000087e00000| Untracked 
| 127|0x0000000087f00000, 0x0000000087f00000, 0x0000000088000000|  0%| F|  |TAMS 0x0000000087f00000, 0x0000000087f00000| Untracked 
| 128|0x0000000088000000, 0x0000000088000000, 0x0000000088100000|  0%| F|  |TAMS 0x0000000088000000, 0x0000000088000000| Untracked 
| 129|0x0000000088100000, 0x0000000088100000, 0x0000000088200000|  0%| F|  |TAMS 0x0000000088100000, 0x0000000088100000| Untracked 
| 130|0x0000000088200000, 0x0000000088200000, 0x0000000088300000|  0%| F|  |TAMS 0x0000000088200000, 0x0000000088200000| Untracked 
| 131|0x0000000088300000, 0x0000000088300000, 0x0000000088400000|  0%| F|  |TAMS 0x0000000088300000, 0x0000000088300000| Untracked 
| 132|0x0000000088400000, 0x0000000088400000, 0x0000000088500000|  0%| F|  |TAMS 0x0000000088400000, 0x0000000088400000| Untracked 
| 133|0x0000000088500000, 0x0000000088500000, 0x0000000088600000|  0%| F|  |TAMS 0x0000000088500000, 0x0000000088500000| Untracked 
| 134|0x0000000088600000, 0x0000000088600000, 0x0000000088700000|  0%| F|  |TAMS 0x0000000088600000, 0x0000000088600000| Untracked 
| 135|0x0000000088700000, 0x0000000088700000, 0x0000000088800000|  0%| F|  |TAMS 0x0000000088700000, 0x0000000088700000| Untracked 
| 136|0x0000000088800000, 0x0000000088800000, 0x0000000088900000|  0%| F|  |TAMS 0x0000000088800000, 0x0000000088800000| Untracked 
| 137|0x0000000088900000, 0x0000000088900000, 0x0000000088a00000|  0%| F|  |TAMS 0x0000000088900000, 0x0000000088900000| Untracked 
| 138|0x0000000088a00000, 0x0000000088a00000, 0x0000000088b00000|  0%| F|  |TAMS 0x0000000088a00000, 0x0000000088a00000| Untracked 
| 139|0x0000000088b00000, 0x0000000088b00000, 0x0000000088c00000|  0%| F|  |TAMS 0x0000000088b00000, 0x0000000088b00000| Untracked 
| 140|0x0000000088c00000, 0x0000000088c00000, 0x0000000088d00000|  0%| F|  |TAMS 0x0000000088c00000, 0x0000000088c00000| Untracked 
| 141|0x0000000088d00000, 0x0000000088d00000, 0x0000000088e00000|  0%| F|  |TAMS 0x0000000088d00000, 0x0000000088d00000| Untracked 
| 142|0x0000000088e00000, 0x0000000088e00000, 0x0000000088f00000|  0%| F|  |TAMS 0x0000000088e00000, 0x0000000088e00000| Untracked 
| 143|0x0000000088f00000, 0x0000000088f00000, 0x0000000089000000|  0%| F|  |TAMS 0x0000000088f00000, 0x0000000088f00000| Untracked 
| 144|0x0000000089000000, 0x0000000089000000, 0x0000000089100000|  0%| F|  |TAMS 0x0000000089000000, 0x0000000089000000| Untracked 
| 145|0x0000000089100000, 0x0000000089100000, 0x0000000089200000|  0%| F|  |TAMS 0x0000000089100000, 0x0000000089100000| Untracked 
| 146|0x0000000089200000, 0x0000000089200000, 0x0000000089300000|  0%| F|  |TAMS 0x0000000089200000, 0x0000000089200000| Untracked 
| 147|0x0000000089300000, 0x0000000089300000, 0x0000000089400000|  0%| F|  |TAMS 0x0000000089300000, 0x0000000089300000| Untracked 
| 148|0x0000000089400000, 0x0000000089400000, 0x0000000089500000|  0%| F|  |TAMS 0x0000000089400000, 0x0000000089400000| Untracked 
| 149|0x0000000089500000, 0x0000000089500000, 0x0000000089600000|  0%| F|  |TAMS 0x0000000089500000, 0x0000000089500000| Untracked 
| 150|0x0000000089600000, 0x0000000089600000, 0x0000000089700000|  0%| F|  |TAMS 0x0000000089600000, 0x0000000089600000| Untracked 
| 151|0x0000000089700000, 0x0000000089700000, 0x0000000089800000|  0%| F|  |TAMS 0x0000000089700000, 0x0000000089700000| Untracked 
| 152|0x0000000089800000, 0x0000000089800000, 0x0000000089900000|  0%| F|  |TAMS 0x0000000089800000, 0x0000000089800000| Untracked 
| 153|0x0000000089900000, 0x0000000089900000, 0x0000000089a00000|  0%| F|  |TAMS 0x0000000089900000, 0x0000000089900000| Untracked 
| 154|0x0000000089a00000, 0x0000000089a00000, 0x0000000089b00000|  0%| F|  |TAMS 0x0000000089a00000, 0x0000000089a00000| Untracked 
| 155|0x0000000089b00000, 0x0000000089b00000, 0x0000000089c00000|  0%| F|  |TAMS 0x0000000089b00000, 0x0000000089b00000| Untracked 
| 156|0x0000000089c00000, 0x0000000089c00000, 0x0000000089d00000|  0%| F|  |TAMS 0x0000000089c00000, 0x0000000089c00000| Untracked 
| 157|0x0000000089d00000, 0x0000000089d00000, 0x0000000089e00000|  0%| F|  |TAMS 0x0000000089d00000, 0x0000000089d00000| Untracked 
| 158|0x0000000089e00000, 0x0000000089e00000, 0x0000000089f00000|  0%| F|  |TAMS 0x0000000089e00000, 0x0000000089e00000| Untracked 
| 159|0x0000000089f00000, 0x0000000089f00000, 0x000000008a000000|  0%| F|  |TAMS 0x0000000089f00000, 0x0000000089f00000| Untracked 
| 160|0x000000008a000000, 0x000000008a000000, 0x000000008a100000|  0%| F|  |TAMS 0x000000008a000000, 0x000000008a000000| Untracked 
| 161|0x000000008a100000, 0x000000008a100000, 0x000000008a200000|  0%| F|  |TAMS 0x000000008a100000, 0x000000008a100000| Untracked 
| 162|0x000000008a200000, 0x000000008a200000, 0x000000008a300000|  0%| F|  |TAMS 0x000000008a200000, 0x000000008a200000| Untracked 
| 163|0x000000008a300000, 0x000000008a300000, 0x000000008a400000|  0%| F|  |TAMS 0x000000008a300000, 0x000000008a300000| Untracked 
| 164|0x000000008a400000, 0x000000008a400000, 0x000000008a500000|  0%| F|  |TAMS 0x000000008a400000, 0x000000008a400000| Untracked 
| 165|0x000000008a500000, 0x000000008a500000, 0x000000008a600000|  0%| F|  |TAMS 0x000000008a500000, 0x000000008a500000| Untracked 
| 166|0x000000008a600000, 0x000000008a600000, 0x000000008a700000|  0%| F|  |TAMS 0x000000008a600000, 0x000000008a600000| Untracked 
| 167|0x000000008a700000, 0x000000008a700000, 0x000000008a800000|  0%| F|  |TAMS 0x000000008a700000, 0x000000008a700000| Untracked 

Card table byte_map: [0x0000020c6de00000,0x0000020c6e200000] _byte_map_base: 0x0000020c6da00000

Marking Bits (Prev, Next): (CMBitMap*) 0x0000020c59130800, (CMBitMap*) 0x0000020c591307c8
 Prev Bits: [0x0000020c70600000, 0x0000020c72600000)
 Next Bits: [0x0000020c6e600000, 0x0000020c70600000)

Polling page: 0x0000020c58f80000

Metaspace:

Usage:
  Non-class:     38.48 MB capacity,    37.81 MB ( 98%) used,   581.72 KB (  1%) free+waste,   111.69 KB ( <1%) overhead. 
      Class:      5.85 MB capacity,     5.47 MB ( 93%) used,   337.31 KB (  6%) free+waste,    53.75 KB ( <1%) overhead. 
       Both:     44.34 MB capacity,    43.28 MB ( 98%) used,   919.03 KB (  2%) free+waste,   165.44 KB ( <1%) overhead. 

Virtual space:
  Non-class space:       40.00 MB reserved,      38.57 MB ( 96%) committed 
      Class space:        1.00 GB reserved,       5.88 MB ( <1%) committed 
             Both:        1.04 GB reserved,      44.45 MB (  4%) committed 

Chunk freelists:
   Non-Class:  25.00 KB
       Class:  1.00 KB
        Both:  26.00 KB

MaxMetaspaceSize: 17179869184.00 GB
CompressedClassSpaceSize: 1.00 GB
Initial GC threshold: 20.80 MB
Current GC threshold: 74.08 MB
CDS: off

CodeHeap 'non-profiled nmethods': size=120064Kb used=2843Kb max_used=2843Kb free=117220Kb
 bounds [0x0000020c65ea0000, 0x0000020c66170000, 0x0000020c6d3e0000]
CodeHeap 'profiled nmethods': size=120000Kb used=9850Kb max_used=9850Kb free=110149Kb
 bounds [0x0000020c5e970000, 0x0000020c5f310000, 0x0000020c65ea0000]
CodeHeap 'non-nmethods': size=5696Kb used=2282Kb max_used=2349Kb free=3413Kb
 bounds [0x0000020c5e3e0000, 0x0000020c5e650000, 0x0000020c5e970000]
 total_blobs=5114 nmethods=4335 adapters=691
 compilation: enabled
              stopped_count=0, restarted_count=0
 full_count=0

Compilation events (20 events):
Event: 18.114 Thread 0x0000020c74c6b800 4403       3       java.lang.StringUTF16::hashCode (33 bytes)
Event: 18.114 Thread 0x0000020c74c6b800 nmethod 4403 0x0000020c5f2f4010 code [0x0000020c5f2f41c0, 0x0000020c5f2f4378]
Event: 18.129 Thread 0x0000020c74c6b800 4405 %     3       org.objectweb.asm.ClassWriter::toByteArray @ 51 (1535 bytes)
Event: 18.138 Thread 0x0000020c74c6b800 nmethod 4405% 0x0000020c5f2f4490 code [0x0000020c5f2f4d80, 0x0000020c5f2f8de8]
Event: 18.138 Thread 0x0000020c74c6b800 4406       3       org.objectweb.asm.ClassWriter::toByteArray (1535 bytes)
Event: 18.148 Thread 0x0000020c74c6b800 nmethod 4406 0x0000020c5f2fae90 code [0x0000020c5f2fb780, 0x0000020c5f2ff528]
Event: 18.230 Thread 0x0000020c74c6a000 nmethod 4380 0x0000020c66157890 code [0x0000020c66157e00, 0x0000020c66160808]
Event: 18.230 Thread 0x0000020c74c6a000 4401       4       org.objectweb.asm.ClassReader::accept (1412 bytes)
Event: 18.437 Thread 0x0000020c74c6b800 4410       1       java.util.stream.FindOps$FindSink::cancellationRequested (5 bytes)
Event: 18.437 Thread 0x0000020c74c6b800 nmethod 4410 0x0000020c66166690 code [0x0000020c66166840, 0x0000020c661668f8]
Event: 18.437 Thread 0x0000020c74c6b800 4411       1       javax.management.ObjectName::getCanonicalName (5 bytes)
Event: 18.437 Thread 0x0000020c74c6b800 nmethod 4411 0x0000020c66166990 code [0x0000020c66166b40, 0x0000020c66166bf8]
Event: 18.783 Thread 0x0000020c74c6b800 4412 %     3       org.objectweb.asm.ClassReader::readField @ 368 (671 bytes)
Event: 18.788 Thread 0x0000020c74c6b800 nmethod 4412% 0x0000020c5f301590 code [0x0000020c5f301b40, 0x0000020c5f304ef8]
Event: 18.809 Thread 0x0000020c74c6b800 4413       3       org.apache.tools.zip.ZipOutputStream::writeDeflated (129 bytes)
Event: 18.810 Thread 0x0000020c74c6b800 nmethod 4413 0x0000020c5f306810 code [0x0000020c5f306ac0, 0x0000020c5f3075e8]
Event: 18.818 Thread 0x0000020c74c6b800 4414       3       org.objectweb.asm.ClassReader::readField (671 bytes)
Event: 18.824 Thread 0x0000020c74c6b800 nmethod 4414 0x0000020c5f307a90 code [0x0000020c5f308020, 0x0000020c5f30b058]
Event: 18.880 Thread 0x0000020c74c6b800 4416 %     3       com.google.common.io.ByteStreams::read @ 50 (93 bytes)
Event: 18.882 Thread 0x0000020c74c6b800 nmethod 4416% 0x0000020c5f30c910 code [0x0000020c5f30cc60, 0x0000020c5f30e1b8]

GC Heap History (20 events):
Event: 15.921 GC heap after
{Heap after GC invocations=20 (full 0):
 garbage-first heap   total 143360K, used 66557K [0x0000000080000000, 0x0000000100000000)
  region size 1024K, 4 young (4096K), 4 survivors (4096K)
 Metaspace       used 44297K, capacity 45402K, committed 45512K, reserved 1089536K
  class space    used 5603K, capacity 5995K, committed 6016K, reserved 1048576K
}
Event: 16.127 GC heap before
{Heap before GC invocations=20 (full 0):
 garbage-first heap   total 143360K, used 112637K [0x0000000080000000, 0x0000000100000000)
  region size 1024K, 50 young (51200K), 4 survivors (4096K)
 Metaspace       used 44307K, capacity 45402K, committed 45512K, reserved 1089536K
  class space    used 5603K, capacity 5995K, committed 6016K, reserved 1048576K
}
Event: 16.131 GC heap after
{Heap after GC invocations=21 (full 0):
 garbage-first heap   total 143360K, used 66947K [0x0000000080000000, 0x0000000100000000)
  region size 1024K, 4 young (4096K), 4 survivors (4096K)
 Metaspace       used 44307K, capacity 45402K, committed 45512K, reserved 1089536K
  class space    used 5603K, capacity 5995K, committed 6016K, reserved 1048576K
}
Event: 16.337 GC heap before
{Heap before GC invocations=21 (full 0):
 garbage-first heap   total 143360K, used 116099K [0x0000000080000000, 0x0000000100000000)
  region size 1024K, 52 young (53248K), 4 survivors (4096K)
 Metaspace       used 44311K, capacity 45402K, committed 45512K, reserved 1089536K
  class space    used 5603K, capacity 5995K, committed 6016K, reserved 1048576K
}
Event: 16.342 GC heap after
{Heap after GC invocations=22 (full 0):
 garbage-first heap   total 143360K, used 67133K [0x0000000080000000, 0x0000000100000000)
  region size 1024K, 4 young (4096K), 4 survivors (4096K)
 Metaspace       used 44311K, capacity 45402K, committed 45512K, reserved 1089536K
  class space    used 5603K, capacity 5995K, committed 6016K, reserved 1048576K
}
Event: 16.537 GC heap before
{Heap before GC invocations=22 (full 0):
 garbage-first heap   total 143360K, used 116285K [0x0000000080000000, 0x0000000100000000)
  region size 1024K, 53 young (54272K), 4 survivors (4096K)
 Metaspace       used 44312K, capacity 45402K, committed 45512K, reserved 1089536K
  class space    used 5603K, capacity 5995K, committed 6016K, reserved 1048576K
}
Event: 16.542 GC heap after
{Heap after GC invocations=23 (full 0):
 garbage-first heap   total 143360K, used 67913K [0x0000000080000000, 0x0000000100000000)
  region size 1024K, 5 young (5120K), 5 survivors (5120K)
 Metaspace       used 44312K, capacity 45402K, committed 45512K, reserved 1089536K
  class space    used 5603K, capacity 5995K, committed 6016K, reserved 1048576K
}
Event: 16.744 GC heap before
{Heap before GC invocations=23 (full 0):
 garbage-first heap   total 143360K, used 116041K [0x0000000080000000, 0x0000000100000000)
  region size 1024K, 53 young (54272K), 5 survivors (5120K)
 Metaspace       used 44313K, capacity 45402K, committed 45512K, reserved 1089536K
  class space    used 5603K, capacity 5995K, committed 6016K, reserved 1048576K
}
Event: 16.750 GC heap after
{Heap after GC invocations=24 (full 0):
 garbage-first heap   total 143360K, used 68447K [0x0000000080000000, 0x0000000100000000)
  region size 1024K, 4 young (4096K), 4 survivors (4096K)
 Metaspace       used 44313K, capacity 45402K, committed 45512K, reserved 1089536K
  class space    used 5603K, capacity 5995K, committed 6016K, reserved 1048576K
}
Event: 16.945 GC heap before
{Heap before GC invocations=24 (full 0):
 garbage-first heap   total 143360K, used 118623K [0x0000000080000000, 0x0000000100000000)
  region size 1024K, 53 young (54272K), 4 survivors (4096K)
 Metaspace       used 44313K, capacity 45402K, committed 45512K, reserved 1089536K
  class space    used 5603K, capacity 5995K, committed 6016K, reserved 1048576K
}
Event: 16.950 GC heap after
{Heap after GC invocations=25 (full 0):
 garbage-first heap   total 143360K, used 69107K [0x0000000080000000, 0x0000000100000000)
  region size 1024K, 4 young (4096K), 4 survivors (4096K)
 Metaspace       used 44313K, capacity 45402K, committed 45512K, reserved 1089536K
  class space    used 5603K, capacity 5995K, committed 6016K, reserved 1048576K
}
Event: 17.240 GC heap before
{Heap before GC invocations=25 (full 0):
 garbage-first heap   total 143360K, used 119283K [0x0000000080000000, 0x0000000100000000)
  region size 1024K, 53 young (54272K), 4 survivors (4096K)
 Metaspace       used 44313K, capacity 45402K, committed 45512K, reserved 1089536K
  class space    used 5603K, capacity 5995K, committed 6016K, reserved 1048576K
}
Event: 17.249 GC heap after
{Heap after GC invocations=26 (full 0):
 garbage-first heap   total 172032K, used 69130K [0x0000000080000000, 0x0000000100000000)
  region size 1024K, 4 young (4096K), 4 survivors (4096K)
 Metaspace       used 44313K, capacity 45402K, committed 45512K, reserved 1089536K
  class space    used 5603K, capacity 5995K, committed 6016K, reserved 1048576K
}
Event: 17.964 GC heap before
{Heap before GC invocations=27 (full 0):
 garbage-first heap   total 172032K, used 130570K [0x0000000080000000, 0x0000000100000000)
  region size 1024K, 64 young (65536K), 4 survivors (4096K)
 Metaspace       used 44314K, capacity 45402K, committed 45512K, reserved 1089536K
  class space    used 5603K, capacity 5995K, committed 6016K, reserved 1048576K
}
Event: 17.971 GC heap after
{Heap after GC invocations=28 (full 0):
 garbage-first heap   total 172032K, used 69719K [0x0000000080000000, 0x0000000100000000)
  region size 1024K, 5 young (5120K), 5 survivors (5120K)
 Metaspace       used 44314K, capacity 45402K, committed 45512K, reserved 1089536K
  class space    used 5603K, capacity 5995K, committed 6016K, reserved 1048576K
}
Event: 18.358 GC heap before
{Heap before GC invocations=28 (full 0):
 garbage-first heap   total 172032K, used 134231K [0x0000000080000000, 0x0000000100000000)
  region size 1024K, 69 young (70656K), 5 survivors (5120K)
 Metaspace       used 44317K, capacity 45402K, committed 45512K, reserved 1089536K
  class space    used 5603K, capacity 5995K, committed 6016K, reserved 1048576K
}
Event: 18.363 GC heap after
{Heap after GC invocations=29 (full 0):
 garbage-first heap   total 172032K, used 70349K [0x0000000080000000, 0x0000000100000000)
  region size 1024K, 5 young (5120K), 5 survivors (5120K)
 Metaspace       used 44317K, capacity 45402K, committed 45512K, reserved 1089536K
  class space    used 5603K, capacity 5995K, committed 6016K, reserved 1048576K
}
Event: 18.606 GC heap before
{Heap before GC invocations=29 (full 0):
 garbage-first heap   total 172032K, used 139981K [0x0000000080000000, 0x0000000100000000)
  region size 1024K, 74 young (75776K), 5 survivors (5120K)
 Metaspace       used 44317K, capacity 45402K, committed 45512K, reserved 1089536K
  class space    used 5603K, capacity 5995K, committed 6016K, reserved 1048576K
}
Event: 18.613 GC heap after
{Heap after GC invocations=30 (full 0):
 garbage-first heap   total 172032K, used 70795K [0x0000000080000000, 0x0000000100000000)
  region size 1024K, 6 young (6144K), 6 survivors (6144K)
 Metaspace       used 44317K, capacity 45402K, committed 45512K, reserved 1089536K
  class space    used 5603K, capacity 5995K, committed 6016K, reserved 1048576K
}
Event: 18.919 GC heap before
{Heap before GC invocations=30 (full 0):
 garbage-first heap   total 172032K, used 143499K [0x0000000080000000, 0x0000000100000000)
  region size 1024K, 76 young (77824K), 6 survivors (6144K)
 Metaspace       used 44317K, capacity 45402K, committed 45512K, reserved 1089536K
  class space    used 5603K, capacity 5995K, committed 6016K, reserved 1048576K
}

Deoptimization events (20 events):
Event: 18.865 Thread 0x0000020c7ac3d800 DEOPT PACKING pc=0x0000020c5f1eb92a sp=0x000000ea225fe1b0
Event: 18.865 Thread 0x0000020c7ac3d800 DEOPT UNPACKING pc=0x0000020c5e42a95e sp=0x000000ea225fd830 mode 0
Event: 18.868 Thread 0x0000020c7ac3d800 DEOPT PACKING pc=0x0000020c5f1ed5a2 sp=0x000000ea225fe1b0
Event: 18.868 Thread 0x0000020c7ac3d800 DEOPT UNPACKING pc=0x0000020c5e42a95e sp=0x000000ea225fd830 mode 0
Event: 18.873 Thread 0x0000020c7ac40000 DEOPT PACKING pc=0x0000020c5f1eb92a sp=0x000000ea222fe5c0
Event: 18.873 Thread 0x0000020c7ac40000 DEOPT UNPACKING pc=0x0000020c5e42a95e sp=0x000000ea222fdc40 mode 0
Event: 18.876 Thread 0x0000020c7ac40000 DEOPT PACKING pc=0x0000020c5f23a538 sp=0x000000ea222fe1d0
Event: 18.876 Thread 0x0000020c7ac40000 DEOPT UNPACKING pc=0x0000020c5e42a95e sp=0x000000ea222fd6e8 mode 0
Event: 18.880 Thread 0x0000020c7ac40000 DEOPT PACKING pc=0x0000020c5f23a538 sp=0x000000ea222fe1d0
Event: 18.880 Thread 0x0000020c7ac40000 DEOPT UNPACKING pc=0x0000020c5e42a95e sp=0x000000ea222fd6e8 mode 0
Event: 18.889 Thread 0x0000020c7ac3d800 DEOPT PACKING pc=0x0000020c5f1eb92a sp=0x000000ea225fe1b0
Event: 18.889 Thread 0x0000020c7ac3d800 DEOPT UNPACKING pc=0x0000020c5e42a95e sp=0x000000ea225fd830 mode 0
Event: 18.894 Thread 0x0000020c7ac3d800 DEOPT PACKING pc=0x0000020c5f1eb92a sp=0x000000ea225fe1b0
Event: 18.894 Thread 0x0000020c7ac3d800 DEOPT UNPACKING pc=0x0000020c5e42a95e sp=0x000000ea225fd830 mode 0
Event: 18.899 Thread 0x0000020c7ac3d800 DEOPT PACKING pc=0x0000020c5f1ed5a2 sp=0x000000ea225fe1b0
Event: 18.899 Thread 0x0000020c7ac3d800 DEOPT UNPACKING pc=0x0000020c5e42a95e sp=0x000000ea225fd830 mode 0
Event: 18.906 Thread 0x0000020c7ac40800 DEOPT PACKING pc=0x0000020c5f1eb92a sp=0x000000ea223fe460
Event: 18.906 Thread 0x0000020c7ac40800 DEOPT UNPACKING pc=0x0000020c5e42a95e sp=0x000000ea223fdae0 mode 0
Event: 18.914 Thread 0x0000020c7ac40000 DEOPT PACKING pc=0x0000020c5f23a538 sp=0x000000ea222fe810
Event: 18.914 Thread 0x0000020c7ac40000 DEOPT UNPACKING pc=0x0000020c5e42a95e sp=0x000000ea222fdd28 mode 0

Classes redefined (0 events):
No events

Internal exceptions (20 events):
Event: 13.523 Thread 0x0000020c780f0800 Exception <a 'java/lang/ClassNotFoundException'{0x0000000086458978}: org/gradle/api/internal/artifacts/dsl/dependencies/DefaultDependencyHandlerBeanInfo> (0x0000000086458978) thrown at [./src/hotspot/share/classfile/systemDictionary.cpp, line 231]
Event: 13.525 Thread 0x0000020c780f0800 Exception <a 'java/lang/ClassNotFoundException'{0x0000000086497a28}: org/gradle/api/internal/artifacts/dsl/dependencies/DefaultDependencyHandlerCustomizer> (0x0000000086497a28) thrown at [./src/hotspot/share/classfile/systemDictionary.cpp, line 231]
Event: 13.529 Thread 0x0000020c780f0800 Exception <a 'java/lang/ClassNotFoundException'{0x0000000086301780}: org/gradle/api/internal/artifacts/dsl/dependencies/DefaultDependencyHandler_DecoratedCustomizer> (0x0000000086301780) thrown at [./src/hotspot/share/classfile/systemDictionary.cpp, line 231]
Event: 13.830 Thread 0x0000020c780f0800 Exception <a 'java/lang/NoSuchMethodError'{0x000000008575fb10}: 'int java.lang.invoke.DirectMethodHandle$Holder.invokeInterface(java.lang.Object, java.lang.Object)'> (0x000000008575fb10) thrown at [./src/hotspot/share/interpreter/linkResolver.cpp, line 773]
Event: 13.830 Thread 0x0000020c780f0800 Exception <a 'java/lang/IncompatibleClassChangeError'{0x00000000857635f0}: Found class java.lang.Object, but interface was expected> (0x00000000857635f0) thrown at [./src/hotspot/share/interpreter/linkResolver.cpp, line 839]
Event: 14.033 Thread 0x0000020c780f0800 Exception <a 'java/lang/NoSuchMethodError'{0x0000000084d13968}: 'int java.lang.invoke.DirectMethodHandle$Holder.invokeStaticInit(java.lang.Object)'> (0x0000000084d13968) thrown at [./src/hotspot/share/interpreter/linkResolver.cpp, line 773]
Event: 14.084 Thread 0x0000020c7ac40000 Exception <a 'sun/nio/fs/WindowsException'{0x0000000084c93890}> (0x0000000084c93890) thrown at [./src/hotspot/share/prims/jni.cpp, line 616]
Event: 14.093 Thread 0x0000020c7ac40000 Exception <a 'sun/nio/fs/WindowsException'{0x0000000084cc3700}> (0x0000000084cc3700) thrown at [./src/hotspot/share/prims/jni.cpp, line 616]
Event: 14.095 Thread 0x0000020c7ac40000 Exception <a 'sun/nio/fs/WindowsException'{0x0000000084cc38b8}> (0x0000000084cc38b8) thrown at [./src/hotspot/share/prims/jni.cpp, line 616]
Event: 14.109 Thread 0x0000020c780f0800 Exception <a 'java/lang/ClassNotFoundException'{0x0000000084cf5620}: sync_studio_tooling10_8aedabmy2gvqdtpomc6r8iy3eBeanInfo> (0x0000000084cf5620) thrown at [./src/hotspot/share/classfile/systemDictionary.cpp, line 231]
Event: 14.124 Thread 0x0000020c780f0800 Exception <a 'java/lang/ClassNotFoundException'{0x0000000088b02c58}: sync_studio_tooling10_8aedabmy2gvqdtpomc6r8iy3eCustomizer> (0x0000000088b02c58) thrown at [./src/hotspot/share/classfile/systemDictionary.cpp, line 231]
Event: 14.164 Thread 0x0000020c780f0800 Exception <a 'java/lang/ClassNotFoundException'{0x0000000088a04538}: ijinit1_a0cgxg37du1v0vn247lujr94aBeanInfo> (0x0000000088a04538) thrown at [./src/hotspot/share/classfile/systemDictionary.cpp, line 231]
Event: 14.164 Thread 0x0000020c780f0800 Exception <a 'java/lang/ClassNotFoundException'{0x0000000088a10c30}: ijinit1_a0cgxg37du1v0vn247lujr94aCustomizer> (0x0000000088a10c30) thrown at [./src/hotspot/share/classfile/systemDictionary.cpp, line 231]
Event: 14.180 Thread 0x0000020c780f0800 Exception <a 'java/lang/ClassNotFoundException'{0x0000000088a658b8}: ijinit1_a0cgxg37du1v0vn247lujr94a$_run_closure1BeanInfo> (0x0000000088a658b8) thrown at [./src/hotspot/share/classfile/systemDictionary.cpp, line 231]
Event: 14.180 Thread 0x0000020c780f0800 Exception <a 'java/lang/ClassNotFoundException'{0x0000000088a6c8f0}: ijinit1_a0cgxg37du1v0vn247lujr94a$_run_closure1Customizer> (0x0000000088a6c8f0) thrown at [./src/hotspot/share/classfile/systemDictionary.cpp, line 231]
Event: 14.273 Thread 0x0000020c7ac3d800 Implicit null exception at 0x0000020c65f25d3e to 0x0000020c65f26e0c
Event: 14.349 Thread 0x0000020c7ac3d800 Exception <a 'sun/nio/fs/WindowsException'{0x00000000877e94d8}> (0x00000000877e94d8) thrown at [./src/hotspot/share/prims/jni.cpp, line 616]
Event: 14.352 Thread 0x0000020c7ac40000 Exception <a 'sun/nio/fs/WindowsException'{0x0000000087ead160}> (0x0000000087ead160) thrown at [./src/hotspot/share/prims/jni.cpp, line 616]
Event: 14.477 Thread 0x0000020c7ac40800 Exception <a 'sun/nio/fs/WindowsException'{0x0000000088b00898}> (0x0000000088b00898) thrown at [./src/hotspot/share/prims/jni.cpp, line 616]
Event: 14.671 Thread 0x0000020c7ac3f000 Exception <a 'sun/nio/fs/WindowsException'{0x0000000088812998}> (0x0000000088812998) thrown at [./src/hotspot/share/prims/jni.cpp, line 616]

Events (20 events):
Event: 16.342 Executing VM operation: G1CollectForAllocation done
Event: 16.537 Executing VM operation: G1CollectForAllocation
Event: 16.542 Executing VM operation: G1CollectForAllocation done
Event: 16.744 Executing VM operation: G1CollectForAllocation
Event: 16.750 Executing VM operation: G1CollectForAllocation done
Event: 16.944 Executing VM operation: G1CollectForAllocation
Event: 16.950 Executing VM operation: G1CollectForAllocation done
Event: 17.237 Executing VM operation: G1CollectForAllocation
Event: 17.249 Executing VM operation: G1CollectForAllocation done
Event: 17.345 Executing VM operation: CGC_Operation
Event: 17.357 Executing VM operation: CGC_Operation done
Event: 17.397 Executing VM operation: CGC_Operation
Event: 17.401 Executing VM operation: CGC_Operation done
Event: 17.963 Executing VM operation: G1CollectForAllocation
Event: 17.971 Executing VM operation: G1CollectForAllocation done
Event: 18.358 Executing VM operation: G1CollectForAllocation
Event: 18.363 Executing VM operation: G1CollectForAllocation done
Event: 18.606 Executing VM operation: G1CollectForAllocation
Event: 18.613 Executing VM operation: G1CollectForAllocation done
Event: 18.919 Executing VM operation: G1CollectForAllocation


Dynamic libraries:
0x00007ff7968c0000 - 0x00007ff7968ca000 	C:\Program Files\Android\Android Studio\jre\bin\java.exe
0x00007ffb5b5a0000 - 0x00007ffb5b7a9000 	C:\WINDOWS\SYSTEM32\ntdll.dll
0x00007ffb5aa50000 - 0x00007ffb5ab0e000 	C:\WINDOWS\System32\KERNEL32.DLL
0x00007ffb58aa0000 - 0x00007ffb58e1b000 	C:\WINDOWS\System32\KERNELBASE.dll
0x00007ffb55d10000 - 0x00007ffb55da2000 	C:\WINDOWS\SYSTEM32\apphelp.dll
0x00007ffb59300000 - 0x00007ffb59411000 	C:\WINDOWS\System32\ucrtbase.dll
0x00007ffb48eb0000 - 0x00007ffb48ec7000 	C:\Program Files\Android\Android Studio\jre\bin\VCRUNTIME140.dll
0x00007ffb48fc0000 - 0x00007ffb48fd9000 	C:\Program Files\Android\Android Studio\jre\bin\jli.dll
0x00007ffb5ad50000 - 0x00007ffb5aefd000 	C:\WINDOWS\System32\USER32.dll
0x00007ffb58a70000 - 0x00007ffb58a96000 	C:\WINDOWS\System32\win32u.dll
0x00007ffb3f340000 - 0x00007ffb3f5e5000 	C:\WINDOWS\WinSxS\amd64_microsoft.windows.common-controls_6595b64144ccf1df_6.0.22000.120_none_9d947278b86cc467\COMCTL32.dll
0x00007ffb5a9a0000 - 0x00007ffb5aa43000 	C:\WINDOWS\System32\msvcrt.dll
0x00007ffb5a7a0000 - 0x00007ffb5a7c9000 	C:\WINDOWS\System32\GDI32.dll
0x00007ffb59050000 - 0x00007ffb59168000 	C:\WINDOWS\System32\gdi32full.dll
0x00007ffb591e0000 - 0x00007ffb5927d000 	C:\WINDOWS\System32\msvcp_win.dll
0x00007ffb5ad00000 - 0x00007ffb5ad32000 	C:\WINDOWS\System32\IMM32.DLL
0x00007ffb31a50000 - 0x00007ffb31aed000 	C:\Program Files\Android\Android Studio\jre\bin\msvcp140.dll
0x00007ffb0c560000 - 0x00007ffb0d062000 	C:\Program Files\Android\Android Studio\jre\bin\server\jvm.dll
0x00007ffb5a400000 - 0x00007ffb5a4ae000 	C:\WINDOWS\System32\ADVAPI32.dll
0x00007ffb5aba0000 - 0x00007ffb5ac3e000 	C:\WINDOWS\System32\sechost.dll
0x00007ffb5af60000 - 0x00007ffb5b080000 	C:\WINDOWS\System32\RPCRT4.dll
0x00007ffb5a7d0000 - 0x00007ffb5a7d8000 	C:\WINDOWS\System32\PSAPI.DLL
0x00007ffb38900000 - 0x00007ffb38909000 	C:\WINDOWS\SYSTEM32\WSOCK32.dll
0x00007ffb501b0000 - 0x00007ffb501e3000 	C:\WINDOWS\SYSTEM32\WINMM.dll
0x00007ffb5b400000 - 0x00007ffb5b46f000 	C:\WINDOWS\System32\WS2_32.dll
0x00007ffb4fd90000 - 0x00007ffb4fd9a000 	C:\WINDOWS\SYSTEM32\VERSION.dll
0x00007ffb57af0000 - 0x00007ffb57b08000 	C:\WINDOWS\SYSTEM32\kernel.appcore.dll
0x00007ffb509a0000 - 0x00007ffb509b1000 	C:\Program Files\Android\Android Studio\jre\bin\verify.dll
0x00007ffb56640000 - 0x00007ffb56861000 	C:\WINDOWS\SYSTEM32\DBGHELP.DLL
0x00007ffb41880000 - 0x00007ffb418b1000 	C:\WINDOWS\SYSTEM32\dbgcore.DLL
0x00007ffb59280000 - 0x00007ffb592ff000 	C:\WINDOWS\System32\bcryptPrimitives.dll
0x00007ffb503f0000 - 0x00007ffb50419000 	C:\Program Files\Android\Android Studio\jre\bin\java.dll
0x00007ffb544a0000 - 0x00007ffb544ab000 	C:\Program Files\Android\Android Studio\jre\bin\jimage.dll
0x00007ffb507e0000 - 0x00007ffb507f8000 	C:\Program Files\Android\Android Studio\jre\bin\zip.dll
0x00007ffb59420000 - 0x00007ffb59bd8000 	C:\WINDOWS\System32\SHELL32.dll
0x00007ffb56b60000 - 0x00007ffb573c5000 	C:\WINDOWS\SYSTEM32\windows.storage.dll
0x00007ffb5b080000 - 0x00007ffb5b3f8000 	C:\WINDOWS\System32\combase.dll
0x00007ffb569f0000 - 0x00007ffb56b56000 	C:\WINDOWS\SYSTEM32\wintypes.dll
0x00007ffb5a6b0000 - 0x00007ffb5a79a000 	C:\WINDOWS\System32\SHCORE.dll
0x00007ffb5a530000 - 0x00007ffb5a58d000 	C:\WINDOWS\System32\shlwapi.dll
0x00007ffb589a0000 - 0x00007ffb589c1000 	C:\WINDOWS\SYSTEM32\profapi.dll
0x00007ffb49b20000 - 0x00007ffb49b3a000 	C:\Program Files\Android\Android Studio\jre\bin\net.dll
0x00007ffb4dc80000 - 0x00007ffb4dd94000 	C:\WINDOWS\SYSTEM32\WINHTTP.dll
0x00007ffb57f90000 - 0x00007ffb57ff7000 	C:\WINDOWS\system32\mswsock.dll
0x00007ffb49b00000 - 0x00007ffb49b14000 	C:\Program Files\Android\Android Studio\jre\bin\nio.dll
0x00007ffb48670000 - 0x00007ffb48697000 	C:\Users\dudin\Documents\GitHub\MonsterINC\native\e1d6ef7f7dcc3fd88c89a11ec53ec762bb8ba0a96d01ffa2cd45eb1d1d8dd5c5\windows-amd64\native-platform.dll
0x00007ffb1c4b0000 - 0x00007ffb1c5f4000 	C:\Users\dudin\Documents\GitHub\MonsterINC\native\0d407fdbe67a94daf76414ababcb853783967236a71b16ec16e742cd7a986fd3\windows-amd64\native-platform-file-events.dll
0x00007ffb51a30000 - 0x00007ffb51a3a000 	C:\Program Files\Android\Android Studio\jre\bin\management.dll
0x00007ffb50f50000 - 0x00007ffb50f5d000 	C:\Program Files\Android\Android Studio\jre\bin\management_ext.dll
0x00007ffb581d0000 - 0x00007ffb581e8000 	C:\WINDOWS\SYSTEM32\CRYPTSP.dll
0x00007ffb57a50000 - 0x00007ffb57a85000 	C:\WINDOWS\system32\rsaenh.dll
0x00007ffb58080000 - 0x00007ffb580a9000 	C:\WINDOWS\SYSTEM32\USERENV.dll
0x00007ffb58360000 - 0x00007ffb58387000 	C:\WINDOWS\SYSTEM32\bcrypt.dll
0x00007ffb581f0000 - 0x00007ffb581fc000 	C:\WINDOWS\SYSTEM32\CRYPTBASE.dll
0x00007ffb57620000 - 0x00007ffb5764d000 	C:\WINDOWS\SYSTEM32\IPHLPAPI.DLL
0x00007ffb5b470000 - 0x00007ffb5b479000 	C:\WINDOWS\System32\NSI.dll
0x00007ffb4dc60000 - 0x00007ffb4dc79000 	C:\WINDOWS\SYSTEM32\dhcpcsvc6.DLL
0x00007ffb4ff80000 - 0x00007ffb4ff9e000 	C:\WINDOWS\SYSTEM32\dhcpcsvc.DLL
0x00007ffb57650000 - 0x00007ffb57738000 	C:\WINDOWS\SYSTEM32\DNSAPI.dll

dbghelp: loaded successfully - version: 4.0.5 - missing functions: none
symbol engine: initialized successfully - sym options: 0x614 - pdb path: .;C:\Program Files\Android\Android Studio\jre\bin;C:\WINDOWS\SYSTEM32;C:\WINDOWS\WinSxS\amd64_microsoft.windows.common-controls_6595b64144ccf1df_6.0.22000.120_none_9d947278b86cc467;C:\Program Files\Android\Android Studio\jre\bin\server;C:\Users\dudin\Documents\GitHub\MonsterINC\native\e1d6ef7f7dcc3fd88c89a11ec53ec762bb8ba0a96d01ffa2cd45eb1d1d8dd5c5\windows-amd64;C:\Users\dudin\Documents\GitHub\MonsterINC\native\0d407fdbe67a94daf76414ababcb853783967236a71b16ec16e742cd7a986fd3\windows-amd64

VM Arguments:
jvm_args: --add-opens=java.base/java.util=ALL-UNNAMED --add-opens=java.base/java.lang=ALL-UNNAMED --add-opens=java.base/java.lang.invoke=ALL-UNNAMED --add-opens=java.base/java.util=ALL-UNNAMED --add-opens=java.prefs/java.util.prefs=ALL-UNNAMED --add-opens=java.prefs/java.util.prefs=ALL-UNNAMED --add-opens=java.base/java.nio.charset=ALL-UNNAMED --add-opens=java.base/java.net=ALL-UNNAMED --add-opens=java.base/java.util.concurrent.atomic=ALL-UNNAMED -Xmx2048m -Dfile.encoding=UTF-8 -Duser.country=BR -Duser.language=pt -Duser.variant 
java_command: org.gradle.launcher.daemon.bootstrap.GradleDaemon 7.4
java_class_path (initial): C:\Users\dudin\Documents\GitHub\MonsterINC\wrapper\dists\gradle-7.4-bin\c0gwcg53nkjbqw7r0h0umtfvt\gradle-7.4\lib\gradle-launcher-7.4.jar
Launcher Type: SUN_STANDARD

[Global flags]
     intx CICompilerCount                          = 3                                         {product} {ergonomic}
     uint ConcGCThreads                            = 1                                         {product} {ergonomic}
     uint G1ConcRefinementThreads                  = 4                                         {product} {ergonomic}
   size_t G1HeapRegionSize                         = 1048576                                   {product} {ergonomic}
    uintx GCDrainStackTargetSize                   = 64                                        {product} {ergonomic}
   size_t InitialHeapSize                          = 100663296                                 {product} {ergonomic}
   size_t MarkStackSize                            = 4194304                                   {product} {ergonomic}
   size_t MaxHeapSize                              = 2147483648                                {product} {command line}
   size_t MaxNewSize                               = 1287651328                                {product} {ergonomic}
   size_t MinHeapDeltaBytes                        = 1048576                                   {product} {ergonomic}
    uintx NonNMethodCodeHeapSize                   = 5830732                                {pd product} {ergonomic}
    uintx NonProfiledCodeHeapSize                  = 122913754                              {pd product} {ergonomic}
    uintx ProfiledCodeHeapSize                     = 122913754                              {pd product} {ergonomic}
    uintx ReservedCodeCacheSize                    = 251658240                              {pd product} {ergonomic}
     bool SegmentedCodeCache                       = true                                      {product} {ergonomic}
     bool UseCompressedClassPointers               = true                                 {lp64_product} {ergonomic}
     bool UseCompressedOops                        = true                                 {lp64_product} {ergonomic}
     bool UseG1GC                                  = true                                      {product} {ergonomic}
     bool UseLargePagesIndividualAllocation        = false                                  {pd product} {ergonomic}

Logging:
Log output configuration:
 #0: stdout all=warning uptime,level,tags
 #1: stderr all=off uptime,level,tags

Environment Variables:
PATH=C:\WINDOWS\system32;C:\WINDOWS;C:\WINDOWS\System32\Wbem;C:\WINDOWS\System32\WindowsPowerShell\v1.0\;C:\WINDOWS\System32\OpenSSH\;C:\Program Files\dotnet\;C:\Program Files\Microsoft SQL Server\130\Tools\Binn\;C:\Program Files\Microsoft SQL Server\Client SDK\ODBC\170\Tools\Binn\;C:\Program Files (x86)\Microsoft SQL Server\150\Tools\Binn\;C:\Program Files\Microsoft SQL Server\150\Tools\Binn\;C:\Program Files\Microsoft SQL Server\150\DTS\Binn\;C:\Program Files (x86)\Microsoft SQL Server\150\DTS\Binn\;C:\Program Files\Azure Data Studio\bin;C:\Program Files\MySQL\MySQL Shell 8.0\bin\;C:\Users\dudin\AppData\Local\Microsoft\WindowsApps;C:\Users\dudin\.dotnet\tools;C:\Program Files\Azure Data Studio\bin;C:\Users\dudin\AppData\Local\Programs\Microsoft VS Code\bin;C:\Users\dudin\AppData\Local\GitHubDesktop\bin
USERNAME=dudin
OS=Windows_NT
PROCESSOR_IDENTIFIER=AMD64 Family 23 Model 24 Stepping 1, AuthenticAMD



---------------  S Y S T E M  ---------------

OS: Windows 11 , 64 bit Build 22000 (10.0.22000.1219)
OS uptime: 1 days 23:54 hours

CPU:total 4 (initial active 4) (4 cores per cpu, 2 threads per core) family 23 model 24 stepping 1 microcode 0x0, cmov, cx8, fxsr, mmx, sse, sse2, sse3, ssse3, sse4.1, sse4.2, popcnt, avx, avx2, aes, clmul, mmxext, 3dnowpref, lzcnt, sse4a, ht, tsc, tscinvbit, tscinv, bmi1, bmi2, adx, sha, fma

Memory: 4k page, system-wide physical 6020M (433M free)
TotalPageFile size 10020M (AvailPageFile size 43M)
current process WorkingSet (physical memory assigned to process): 358M, peak: 363M
current process commit charge ("private bytes"): 386M, peak: 423M

vm_info: OpenJDK 64-Bit Server VM (11.0.13+0-b1751.21-8125866) for windows-amd64 JRE (11.0.13+0-b1751.21-8125866), built on Feb  2 2022 03:00:22 by "builder" with MS VC++ 14.0 (VS2015)

END.
